#-----------------------------------------------------------
# Webtalk v2017.4 (64-bit)
# SW Build 2086221 on Fri Dec 15 20:55:39 MST 2017
# 
# Start of session at: Tue Jun 26 14:37:33 2018
# Process ID: 12792
# Current directory: F:/XAPP1026/KC705_AxiEth_150MHZ_64KB/vfat3_firmware/HW/vbv3_hw_flash/vbv3_hw_flash.sdk/webtalk
# Command line: wbtcv.exe -mode batch -source sdk_webtalk.tcl
# Log file: F:/XAPP1026/KC705_AxiEth_150MHZ_64KB/vfat3_firmware/HW/vbv3_hw_flash/vbv3_hw_flash.sdk/webtalk/webtalk.log
# Journal file: F:/XAPP1026/KC705_AxiEth_150MHZ_64KB/vfat3_firmware/HW/vbv3_hw_flash/vbv3_hw_flash.sdk/webtalk\webtalk.jou
#-----------------------------------------------------------
source sdk_webtalk.tcl
# webtalk_init -webtalk_dir F:\\XAPP1026\\KC705_AxiEth_150MHZ_64KB\\vfat3_firmware\\HW\\vbv3_hw_flash\\vbv3_hw_flash.sdk\\webtalk
# webtalk_register_client -client project
# webtalk_add_data -client project -key date_generated -value "2018-06-26 14:37:31" -context "software_version_and_target_device"
# webtalk_add_data -client project -key product_version -value "SDK v2017.4" -context "software_version_and_target_device"
# webtalk_add_data -client project -key build_version -value "2017.4" -context "software_version_and_target_device"
# webtalk_add_data -client project -key os_platform -value "amd64" -context "software_version_and_target_device"
# webtalk_add_data -client project -key registration_id -value "174122087_174122088_0_903" -context "software_version_and_target_device"
# webtalk_add_data -client project -key tool_flow -value "SDK" -context "software_version_and_target_device"
# webtalk_add_data -client project -key beta -value "false" -context "software_version_and_target_device"
# webtalk_add_data -client project -key route_design -value "NA" -context "software_version_and_target_device"
# webtalk_add_data -client project -key target_family -value "NA" -context "software_version_and_target_device"
# webtalk_add_data -client project -key target_device -value "NA" -context "software_version_and_target_device"
# webtalk_add_data -client project -key target_package -value "NA" -context "software_version_and_target_device"
# webtalk_add_data -client project -key target_speed -value "NA" -context "software_version_and_target_device"
# webtalk_add_data -client project -key random_id -value "3pa55ssifmigadl4ssa9mgrdld" -context "software_version_and_target_device"
# webtalk_add_data -client project -key project_id -value "2017.4_27" -context "software_version_and_target_device"
# webtalk_add_data -client project -key project_iteration -value "27" -context "software_version_and_target_device"
# webtalk_add_data -client project -key os_name -value "Microsoft Windows 7 , 64-bit" -context "user_environment"
# webtalk_add_data -client project -key os_release -value "Service Pack 1  (build 7601)" -context "user_environment"
# webtalk_add_data -client project -key cpu_name -value "Intel(R) Core(TM) i7-6700 CPU @ 3.40GHz" -context "user_environment"
# webtalk_add_data -client project -key cpu_speed -value "3408 MHz" -context "user_environment"
# webtalk_add_data -client project -key total_processors -value "1" -context "user_environment"
# webtalk_add_data -client project -key system_ram -value "17.055 GB" -context "user_environment"
# webtalk_register_client -client sdk
# webtalk_add_data -client sdk -key uid -value "1529927642049" -context "sdk\\\\bsp/1529927642049"
# webtalk_add_data -client sdk -key hwid -value "1529833726591" -context "sdk\\\\bsp/1529927642049"
# webtalk_add_data -client sdk -key os -value "freertos901_xilinx" -context "sdk\\\\bsp/1529927642049"
# webtalk_add_data -client sdk -key apptemplate -value "freertos_lwip_echo_server" -context "sdk\\\\bsp/1529927642049"
# webtalk_add_data -client sdk -key RecordType -value "BSPCreation" -context "sdk\\\\bsp/1529927642049"
# webtalk_add_data -client sdk -key uid -value "1529927643907" -context "sdk\\\\application/1529927643907"
# webtalk_add_data -client sdk -key hwid -value "1529833726591" -context "sdk\\\\application/1529927643907"
# webtalk_add_data -client sdk -key bspid -value "1529927642049" -context "sdk\\\\application/1529927643907"
# webtalk_add_data -client sdk -key newbsp -value "true" -context "sdk\\\\application/1529927643907"
# webtalk_add_data -client sdk -key os -value "freertos901_xilinx" -context "sdk\\\\application/1529927643907"
# webtalk_add_data -client sdk -key apptemplate -value "freertos_lwip_echo_server" -context "sdk\\\\application/1529927643907"
# webtalk_add_data -client sdk -key RecordType -value "APPCreation" -context "sdk\\\\application/1529927643907"
# webtalk_add_data -client sdk -key LangUsed -value "C" -context "sdk\\\\application/1529927643907"
# webtalk_add_data -client sdk -key Procused -value "microblaze" -context "sdk\\\\application/1529927643907"
# webtalk_add_data -client sdk -key projSize -value "454.9296875" -context "sdk\\\\application/1529927643907"
# webtalk_add_data -client sdk -key uid -value "NA" -context "sdk\\\\bsp/1530016651443"
# webtalk_add_data -client sdk -key RecordType -value "ToolUsage" -context "sdk\\\\bsp/1530016651443"
# webtalk_add_data -client sdk -key BootgenCount -value "0" -context "sdk\\\\bsp/1530016651443"
# webtalk_add_data -client sdk -key DebugCount -value "0" -context "sdk\\\\bsp/1530016651443"
# webtalk_add_data -client sdk -key PerfCount -value "0" -context "sdk\\\\bsp/1530016651443"
# webtalk_add_data -client sdk -key FlashCount -value "20" -context "sdk\\\\bsp/1530016651443"
# webtalk_add_data -client sdk -key CrossTriggCount -value "0" -context "sdk\\\\bsp/1530016651443"
# webtalk_add_data -client sdk -key QemuDebugCount -value "0" -context "sdk\\\\bsp/1530016651443"
# webtalk_transmit -clientid 2346642158 -regid "174122087_174122088_0_903" -xml F:\\XAPP1026\\KC705_AxiEth_150MHZ_64KB\\vfat3_firmware\\HW\\vbv3_hw_flash\\vbv3_hw_flash.sdk\\webtalk\\usage_statistics_ext_sdk.xml -html F:\\XAPP1026\\KC705_AxiEth_150MHZ_64KB\\vfat3_firmware\\HW\\vbv3_hw_flash\\vbv3_hw_flash.sdk\\webtalk\\usage_statistics_ext_sdk.html -wdm F:\\XAPP1026\\KC705_AxiEth_150MHZ_64KB\\vfat3_firmware\\HW\\vbv3_hw_flash\\vbv3_hw_flash.sdk\\webtalk\\sdk_webtalk.wdm -intro "<H3>SDK Usage Report</H3><BR>"
# webtalk_terminate
INFO: [Common 17-206] Exiting Webtalk at Tue Jun 26 14:37:33 2018...
