Copyright 1986-2017 Xilinx, Inc. All Rights Reserved.
------------------------------------------------------------------------------------
| Tool Version : Vivado v.2017.4 (win64) Build 2086221 Fri Dec 15 20:55:39 MST 2017
| Date         : Wed May 23 11:12:36 2018
| Host         : PCMICVFAT3 running 64-bit Service Pack 1  (build 7601)
| Command      : upgrade_ip
| Device       : xc7k325tffg900-2
------------------------------------------------------------------------------------

Upgrade Log for IP 'mb_subsystem_rx_controller_0_0'

1. Summary
----------

SUCCESS in the upgrade of mb_subsystem_rx_controller_0_0 (cern.ch:user:rx_controller:1.0) from (Rev. 7) to (Rev. 8)






Copyright 1986-2017 Xilinx, Inc. All Rights Reserved.
------------------------------------------------------------------------------------
| Tool Version : Vivado v.2017.4 (win64) Build 2086221 Fri Dec 15 20:55:39 MST 2017
| Date         : Wed May 23 09:38:47 2018
| Host         : PCMICVFAT3 running 64-bit Service Pack 1  (build 7601)
| Command      : upgrade_ip
| Device       : xc7k325tffg900-2
------------------------------------------------------------------------------------

Upgrade Log for IP 'mb_subsystem_rx_controller_0_0'

1. Summary
----------

CAUTION (success, with warnings) in the upgrade of mb_subsystem_rx_controller_0_0 (cern.ch:user:rx_controller:1.0) from (Rev. 6) to (Rev. 7)

After upgrade, an IP may have parameter and port differences compared to the original customization. Please review the parameters within the IP customization GUI to ensure proper functionality. Also, please review the updated IP instantiation template to ensure proper connectivity, and update your design if required.

2. Connection Warnings
----------------------

Detected external port differences while upgrading 'mb_subsystem_rx_controller_0_0'. These changes may impact your design.


-Upgrade has added port 'buffer_3'







Copyright 1986-2017 Xilinx, Inc. All Rights Reserved.
------------------------------------------------------------------------------------
| Tool Version : Vivado v.2017.4 (win64) Build 2086221 Fri Dec 15 20:55:39 MST 2017
| Date         : Wed May 23 07:38:03 2018
| Host         : PCMICVFAT3 running 64-bit Service Pack 1  (build 7601)
| Command      : upgrade_ip
| Device       : xc7k325tffg900-2
------------------------------------------------------------------------------------

Upgrade Log for IP 'mb_subsystem_rx_controller_0_0'

1. Summary
----------

SUCCESS in the upgrade of mb_subsystem_rx_controller_0_0 (cern.ch:user:rx_controller:1.0) from (Rev. 5) to (Rev. 6)






Copyright 1986-2017 Xilinx, Inc. All Rights Reserved.
------------------------------------------------------------------------------------
| Tool Version : Vivado v.2017.4 (win64) Build 2086221 Fri Dec 15 20:55:39 MST 2017
| Date         : Wed May 23 07:31:40 2018
| Host         : PCMICVFAT3 running 64-bit Service Pack 1  (build 7601)
| Command      : upgrade_ip
| Device       : xc7k325tffg900-2
------------------------------------------------------------------------------------

Upgrade Log for IP 'mb_subsystem_rx_controller_0_0'

1. Summary
----------

SUCCESS in the conversion of mb_subsystem_rx_controller_0_0 (cern.ch:user:rx_controller:1.0 (Rev. 5)) to Vivado generation flows.






Copyright 1986-2017 Xilinx, Inc. All Rights Reserved.
------------------------------------------------------------------------------------
| Tool Version : Vivado v.2017.4 (win64) Build 2086221 Fri Dec 15 20:55:39 MST 2017
| Date         : Wed May 23 07:29:00 2018
| Host         : PCMICVFAT3 running 64-bit Service Pack 1  (build 7601)
| Command      : upgrade_ip
| Device       : xc7k325tffg900-2
------------------------------------------------------------------------------------

Upgrade Log for IP 'mb_subsystem_rx_controller_0_0'

1. Summary
----------

SUCCESS in the upgrade of mb_subsystem_rx_controller_0_0 (cern.ch:user:rx_controller:1.0) from (Rev. 4) to (Rev. 5)






Copyright 1986-2017 Xilinx, Inc. All Rights Reserved.
------------------------------------------------------------------------------------
| Tool Version : Vivado v.2017.4 (win64) Build 2086221 Fri Dec 15 20:55:39 MST 2017
| Date         : Wed May 23 04:57:13 2018
| Host         : PCMICVFAT3 running 64-bit Service Pack 1  (build 7601)
| Command      : upgrade_ip
| Device       : xc7k325tffg900-2
------------------------------------------------------------------------------------

Upgrade Log for IP 'mb_subsystem_rx_controller_0_0'

1. Summary
----------

SUCCESS in the conversion of mb_subsystem_rx_controller_0_0 (cern.ch:user:rx_controller:1.0 (Rev. 4)) to Vivado generation flows.

