Unable to capture context for thread 13936 in process 10840, can not generate back trace
Exception at PC 0x000007FEA9E2BB93
Printing stacktrace...

[0]  [0x000007FEA9E2BB93]
[1]  [0x000007FEA9E2BB93]
[2]  [0x000007FEA9E2B4A1]
[3]  [0x000007FEA9E2B3EF]
[4]  [0x000007FEA9E119FE]
[5]  [0x000007FEA9E10ED1]
[6]  [0x000007FEA9E10D76]
[7]  [0x000007FEA9DB79F6]
[8]  [0x000007FEA9DA7AFB]
[9]  [0x000007FEA9ECE90A]
[10]  [0x000007FEA9EE9F87]
[11]  [0x000007FEA9EEA05F]
[12] (BaseThreadInitThunk+0xd) [0x00000000776D59CD]
[13] (RtlUserThreadStart+0x21) [0x000000007780A561]
Done
Exception at PC 0x000007FEA9B31A52
Attemped to write at address 0x000007FEF8F8ABA4
Printing stacktrace...

[0]  [0x000007FEA9B31A52]
[1]  [0x000007FEA9B31A52]
[2]  [0x000007FEA9B31AD4]
[3]  [0x000007FEA9C73FF7]
[4]  [0x000007FEA9B59128]
[5]  [0x000007FEA9E0DFB9]
[6]  [0x000007FEA9FDEF23]
[7]  [0x000007FEA9EEB06B]
[8]  [0x000007FEA9EE08AF]
[9]  [0x000007FEA9EE0A32]
[10] (LdrShutdownProcess+0x1d1) [0x0000000077802AC1]
[11] (RtlExitUserProcess+0x90) [0x00000000778028D0]
[12] (wcstoui64+0x2fa) [0x000007FEFDA099F2]
[13]  [0x00000000004014CD]
[14]  [0x000000000040151B]
[15] (BaseThreadInitThunk+0xd) [0x00000000776D59CD]
[16] (RtlUserThreadStart+0x21) [0x000000007780A561]
Done
