MIG: 11:17:36 : Running synthesis.xit
MIG: 11:17:36 : ################# RUNNING MIG BATCH ###################
MIG: 11:17:36 : Writing IN file for 'mb_subsystem_mig_7series_0_0'...compDirPath: c:/Xilinx/Vivado/2017.4/data/ip/xilinx/mig_7series_v4_0... instDirPath: f:/XAPP1026/KC705_AxiEth_150MHZ_64KB/vfat3_firmware/HW/vbv3_hw_flash/vbv3_hw_flash.srcs/sources_1/bd/mb_subsystem/ip/mb_subsystem_mig_7series_0_0
MIG: 11:17:36 : synp_flow:  -- synthesis_mode: Other
MIG: 11:17:36 : outputDirectory: f:/XAPP1026/KC705_AxiEth_150MHZ_64KB/vfat3_firmware/HW/vbv3_hw_flash/vbv3_hw_flash.srcs/sources_1/bd/mb_subsystem/ip/mb_subsystem_mig_7series_0_0/_tmp/
MIG: 11:17:36 : vivado_mode: xpg_bd
MIG: 11:17:36 : isPortInterface: 0
MIG: 11:17:36 : isPortInterface: 0
MIG: 11:17:36 : isPortInterface: 0
MIG: 11:17:36 : isPortInterface: 0
MIG: 11:17:36 : isPortInterface: 0
MIG: 11:17:36 : isPortInterface: 0
MIG: 11:17:36 : isPortInterface: 0
MIG: 11:17:36 : isPortInterface: 0
MIG: 11:17:36 : isPortInterface: 0
MIG: 11:17:36 : isPortInterface: 0
MIG: 11:17:36 : isPortInterface: 0
MIG: 11:17:36 : isPortInterface: 0
MIG: 11:17:36 : isPortInterface: 0
MIG: 11:17:36 : isPortInterface: 0
MIG: 11:17:36 : isPortInterface: 0
MIG: 11:17:36 : isPortInterface: 0
MIG: 11:17:36 : isPortInterface: 0
MIG: 11:17:36 : isPortInterface: 0
MIG: 11:17:36 : isPortInterface: 0
MIG: 11:17:36 : isPortInterface: 0
MIG: 11:17:36 : isPortInterface: 0
MIG: 11:17:36 : isPortInterface: 0
MIG: 11:17:36 : isPortInterface: 0
MIG: 11:17:36 : isPortInterface: 0
MIG: 11:17:36 : isPortInterface: 0
MIG: 11:17:36 : isPortInterface: 0
MIG: 11:17:36 : isPortInterface: 0
MIG: 11:17:36 : isPortInterface: 0
MIG: 11:17:36 : isPortInterface: 0
MIG: 11:17:36 : isPortInterface: 0
MIG: 11:17:36 : isPortInterface: 0
MIG: 11:17:36 : isPortInterface: 0
MIG: 11:17:36 : isPortInterface: 0
MIG: 11:17:36 : isPortInterface: 0
MIG: 11:17:36 : isPortInterface: 0
MIG: 11:17:36 : isPortInterface: 0
MIG: 11:17:36 : isPortInterface: 0
MIG: 11:17:36 : isPortInterface: 0
MIG: 11:17:36 : isPortInterface: 0
MIG: 11:17:36 : isPortInterface: 0
MIG: 11:17:36 : isPortInterface: 0
MIG: 11:17:36 : isPortInterface: 0
MIG: 11:17:36 : isPortInterface: 0
MIG: 11:17:36 : isPortInterface: 0
MIG: 11:17:36 : isPortInterface: 0
MIG: 11:17:36 : isPortInterface: 0
MIG: 11:17:36 : isPortInterface: 0
MIG: 11:17:36 : isPortInterface: 0
MIG: 11:17:36 : isPortInterface: 0
MIG: 11:17:36 : isPortInterface: 0
MIG: 11:17:36 : isPortInterface: 0
MIG: 11:17:36 : isPortInterface: 0
MIG: 11:17:36 : isPortInterface: 0
MIG: 11:17:36 : isPortInterface: 0
MIG: 11:17:36 : isPortInterface: 0
MIG: 11:17:36 : isPortInterface: 0
MIG: 11:17:36 : isPortInterface: 0
MIG: 11:17:36 : isPortInterface: 0
MIG: 11:17:36 : isPortInterface: 0
MIG: 11:17:36 : isPortInterface: 0
MIG: 11:17:36 : isPortInterface: 0
MIG: 11:17:36 : isPortInterface: 0
MIG: 11:17:36 : isPortInterface: 0
MIG: 11:17:36 : isPortInterface: 0
MIG: 11:17:36 : isPortInterface: 0
MIG: 11:17:36 : isPortInterface: 0
MIG: 11:17:36 : isPortInterface: 0
MIG: 11:17:36 : isPortInterface: 0
MIG: 11:17:36 : isPortInterface: 0
MIG: 11:17:36 : isPortInterface: 0
MIG: 11:17:36 : isPortInterface: 0
MIG: 11:17:36 : isPortInterface: 0
MIG: 11:17:36 : isPortInterface: 0
MIG: 11:17:36 : isPortInterface: 0
MIG: 11:17:36 : isPortInterface: 0
MIG: 11:17:36 : isPortInterface: 0
MIG: 11:17:36 : isPortInterface: 0
MIG: 11:17:36 : isPortInterface: 0
MIG: 11:17:36 : isPortInterface: 0
MIG: 11:17:36 : isPortInterface: 0
MIG: 11:17:36 : isPortInterface: 0
MIG: 11:17:36 : isPortInterface: 0
MIG: 11:17:36 : isPortInterface: 0
MIG: 11:17:36 : isPortInterface: 0
MIG: 11:17:36 : isPortInterface: 0
MIG: 11:17:36 : isPortInterface: 0
MIG: 11:17:36 : isPortInterface: 0
MIG: 11:17:36 : isPortInterface: 0
MIG: 11:17:36 : isPortInterface: 0
MIG: 11:17:36 : isPortInterface: 0
MIG: 11:17:36 : isPortInterface: 0
MIG: 11:17:36 : isPortInterface: 0
MIG: 11:17:36 : isPortInterface: 0
MIG: 11:17:36 : isPortInterface: 0
MIG: 11:17:36 : isPortInterface: 0
MIG: 11:17:36 : isPortInterface: 0
MIG: 11:17:36 : isPortInterface: 0
MIG: 11:17:36 : isPortInterface: 0
MIG: 11:17:36 : isPortInterface: 0
MIG: 11:17:36 : isPortInterface: 0
MIG: 11:17:36 : isPortInterface: 0
MIG: 11:17:36 : isPortInterface: 0
MIG: 11:17:36 : isPortInterface: 0
MIG: 11:17:36 : isPortInterface: 0
MIG: 11:17:36 : isPortInterface: 0
MIG: 11:17:36 : isPortInterface: 0
MIG: 11:17:36 : isPortInterface: 0
MIG: 11:17:36 : isPortInterface: 0
MIG: 11:17:36 : isPortInterface: 0
MIG: 11:17:36 : isPortInterface: 0
MIG: 11:17:36 : isPortInterface: 0
MIG: 11:17:36 : isPortInterface: 0
MIG: 11:17:36 : isPortInterface: 0
MIG: 11:17:36 : isPortInterface: 0
MIG: 11:17:36 : isPortInterface: 0
MIG: 11:17:36 : isPortInterface: 0
MIG: 11:17:36 : isPortInterface: 0
MIG: 11:17:36 : isPortInterface: 0
MIG: 11:17:36 : isPortInterface: 0
MIG: 11:17:36 : isPortInterface: 0
MIG: 11:17:36 : isPortInterface: 0
MIG: 11:17:36 : isPortInterface: 0
MIG: 11:17:36 : isPortInterface: 0
MIG: 11:17:36 : isPortInterface: 0
MIG: 11:17:36 : isPortInterface: 0
MIG: 11:17:36 : isPortInterface: 0
MIG: 11:17:36 : isPortInterface: 0
MIG: 11:17:36 : isPortInterface: 0
MIG: 11:17:36 : isPortInterface: 0
MIG: 11:17:36 : isPortInterface: 0
MIG: 11:17:36 : isPortInterface: 0
MIG: 11:17:36 : isPortInterface: 0
MIG: 11:17:36 : isPortInterface: 0
MIG: 11:17:36 : isPortInterface: 0
MIG: 11:17:36 : isPortInterface: 0
MIG: 11:17:36 : isPortInterface: 0
MIG: 11:17:36 : isPortInterface: 0
MIG: 11:17:36 : isPortInterface: 0
MIG: 11:17:36 : isPortInterface: 0
MIG: 11:17:36 : isPortInterface: 0
MIG: 11:17:36 : isPortInterface: 0
MIG: 11:17:36 : isPortInterface: 0
MIG: 11:17:36 : isPortInterface: 0
MIG: 11:17:36 : isPortInterface: 0
MIG: 11:17:36 : isPortInterface: 0
MIG: 11:17:36 : isPortInterface: 0
MIG: 11:17:36 : isPortInterface: 0
MIG: 11:17:36 : isPortInterface: 0
MIG: 11:17:36 : isPortInterface: 0
MIG: 11:17:36 : isPortInterface: 0
MIG: 11:17:36 : isPortInterface: 0
MIG: 11:17:36 : isPortInterface: 0
MIG: 11:17:36 : isPortInterface: 0
MIG: 11:17:36 : isPortInterface: 0
MIG: 11:17:36 : isPortInterface: 0
MIG: 11:17:36 : isPortInterface: 0
MIG: 11:17:36 : isPortInterface: 0
MIG: 11:17:36 : isPortInterface: 0
MIG: 11:17:36 : isPortInterface: 0
MIG: 11:17:36 : isPortInterface: 0
MIG: 11:17:36 : isPortInterface: 0
MIG: 11:17:36 : isPortInterface: 0
MIG: 11:17:36 : isPortInterface: 0
MIG: 11:17:36 : isPortInterface: 0
MIG: 11:17:36 : isPortInterface: 0
MIG: 11:17:36 : isPortInterface: 0
MIG: 11:17:36 : isPortInterface: 0
MIG: 11:17:36 : isPortInterface: 0
MIG: 11:17:36 : isPortInterface: 0
MIG: 11:17:36 : isPortInterface: 0
MIG: 11:17:36 : isPortInterface: 0
MIG: 11:17:36 : isPortInterface: 0
MIG: 11:17:36 : isPortInterface: 0
MIG: 11:17:36 : isPortInterface: 0
MIG: 11:17:36 : isPortInterface: 0
MIG: 11:17:36 : isPortInterface: 0
MIG: 11:17:36 : isPortInterface: 0
MIG: 11:17:36 : isPortInterface: 0
MIG: 11:17:36 : isPortInterface: 0
MIG: 11:17:36 : isPortInterface: 0
MIG: 11:17:36 : isPortInterface: 0
MIG: 11:17:36 : isPortInterface: 0
MIG: 11:17:36 : isPortInterface: 0
MIG: 11:17:36 : isPortInterface: 0
MIG: 11:17:36 : isPortInterface: 0
MIG: 11:17:36 : isPortInterface: 0
MIG: 11:17:36 : isPortInterface: 0
MIG: 11:17:36 : isPortInterface: 0
MIG: 11:17:36 : isPortInterface: 0
MIG: 11:17:36 : isPortInterface: 0
MIG: 11:17:36 : isPortInterface: 0
MIG: 11:17:36 : isPortInterface: 0
MIG: 11:17:36 : isPortInterface: 0
MIG: 11:17:36 : isPortInterface: 1
MIG: 11:17:36 : isPortInterface: 0
MIG: 11:17:36 : isPortInterface: 0
MIG: 11:17:36 : isPortInterface: 0
MIG: 11:17:36 : isPortInterface: 0
MIG: 11:17:36 : isPortInterface: 0
MIG: 11:17:36 : isPortInterface: 0
MIG: 11:17:36 : isPortInterface: 0
MIG: 11:17:36 : isPortInterface: 0
MIG: 11:17:36 : isPortInterface: 0
MIG: 11:17:36 : isPortInterface: 0
MIG: 11:17:36 :  locked false  
MIG: 11:17:36 : HDL Language: Verilog
MIG: 11:17:36 : compInfo: false
MIG: 11:17:36 : Vivado Options xc7k325t ffg900 -2
MIG: 11:17:36 : 1: xc7k325t 2: ffg900 3: -2
MIG: 11:17:36 : relative mig path: coregen/ip/xilinx/other/com/xilinx/ip/mig_7series_v4_0/bin/nt64/mig.exe
MIG: 11:17:36 : xilinx_path: C:/Xilinx/Vivado/2017.4/ids_lite/ISE
MIG: 11:17:36 : I am in catch area
MIG: 11:17:36 : Running C:/Xilinx/Vivado/2017.4/ids_lite/ISE/coregen/ip/xilinx/other/com/xilinx/ip/mig_7series_v4_0/bin/nt64/mig.exe -cg_exc_inp f:/XAPP1026/KC705_AxiEth_150MHZ_64KB/vfat3_firmware/HW/vbv3_hw_flash/vbv3_hw_flash.srcs/sources_1/bd/mb_subsystem/ip/mb_subsystem_mig_7series_0_0/xil_txt.in -cg_exc_out f:/XAPP1026/KC705_AxiEth_150MHZ_64KB/vfat3_firmware/HW/vbv3_hw_flash/vbv3_hw_flash.srcs/sources_1/bd/mb_subsystem/ip/mb_subsystem_mig_7series_0_0/xil_txt.out ... 
MIG: 11:17:50 : XML_INPUT_FILE: f:/XAPP1026/KC705_AxiEth_150MHZ_64KB/vfat3_firmware/HW/vbv3_hw_flash/vbv3_hw_flash.srcs/sources_1/bd/mb_subsystem/ip/mb_subsystem_mig_7series_0_0/mig_b.prj
MIG: 11:17:50 : Component_Name: mb_subsystem_mig_7series_0_0
MIG: 11:17:50 : Moving mb_subsystem_mig_7series_0_0 ...
MIG: 11:17:50 : Moving mb_subsystem_mig_7series_0_0.veo ...
MIG: 11:17:50 : Moving mb_subsystem_mig_7series_0_0_xmdf.tcl ...
MIG: 11:17:51 : Running vlog_synth_rpr.xit
MIG: 11:17:51 : IGN:     <ModuleName>mb_subsystem_mig_7series_0_0</ModuleName> <==>     <ModuleName>mb_subsystem_mig_7series_0_0</ModuleName> 
MIG: 11:17:51 : IGN:         <InputClkFreq>200.2</InputClkFreq> <==>         <InputClkFreq>200.2</InputClkFreq> 
MIG: 11:17:51 : Running simulation.xit
MIG: 11:17:51 : ################# RUNNING MIG BATCH ###################
MIG: 11:17:51 : Writing IN file for 'mb_subsystem_mig_7series_0_0'...compDirPath: c:/Xilinx/Vivado/2017.4/data/ip/xilinx/mig_7series_v4_0... instDirPath: f:/XAPP1026/KC705_AxiEth_150MHZ_64KB/vfat3_firmware/HW/vbv3_hw_flash/vbv3_hw_flash.srcs/sources_1/bd/mb_subsystem/ip/mb_subsystem_mig_7series_0_0
MIG: 11:17:51 : synp_flow:  -- synthesis_mode: Other
MIG: 11:17:51 : outputDirectory: f:/XAPP1026/KC705_AxiEth_150MHZ_64KB/vfat3_firmware/HW/vbv3_hw_flash/vbv3_hw_flash.srcs/sources_1/bd/mb_subsystem/ip/mb_subsystem_mig_7series_0_0/_tmp/
MIG: 11:17:51 : vivado_mode: xpg_bd
MIG: 11:17:51 : isPortInterface: 0
MIG: 11:17:51 : isPortInterface: 0
MIG: 11:17:51 : isPortInterface: 0
MIG: 11:17:51 : isPortInterface: 0
MIG: 11:17:51 : isPortInterface: 0
MIG: 11:17:51 : isPortInterface: 0
MIG: 11:17:51 : isPortInterface: 0
MIG: 11:17:51 : isPortInterface: 0
MIG: 11:17:51 : isPortInterface: 0
MIG: 11:17:51 : isPortInterface: 0
MIG: 11:17:51 : isPortInterface: 0
MIG: 11:17:51 : isPortInterface: 0
MIG: 11:17:51 : isPortInterface: 0
MIG: 11:17:51 : isPortInterface: 0
MIG: 11:17:51 : isPortInterface: 0
MIG: 11:17:51 : isPortInterface: 0
MIG: 11:17:51 : isPortInterface: 0
MIG: 11:17:51 : isPortInterface: 0
MIG: 11:17:51 : isPortInterface: 0
MIG: 11:17:51 : isPortInterface: 0
MIG: 11:17:51 : isPortInterface: 0
MIG: 11:17:51 : isPortInterface: 0
MIG: 11:17:51 : isPortInterface: 0
MIG: 11:17:51 : isPortInterface: 0
MIG: 11:17:51 : isPortInterface: 0
MIG: 11:17:51 : isPortInterface: 0
MIG: 11:17:51 : isPortInterface: 0
MIG: 11:17:51 : isPortInterface: 0
MIG: 11:17:51 : isPortInterface: 0
MIG: 11:17:51 : isPortInterface: 0
MIG: 11:17:51 : isPortInterface: 0
MIG: 11:17:51 : isPortInterface: 0
MIG: 11:17:51 : isPortInterface: 0
MIG: 11:17:51 : isPortInterface: 0
MIG: 11:17:51 : isPortInterface: 0
MIG: 11:17:51 : isPortInterface: 0
MIG: 11:17:51 : isPortInterface: 0
MIG: 11:17:51 : isPortInterface: 0
MIG: 11:17:51 : isPortInterface: 0
MIG: 11:17:51 : isPortInterface: 0
MIG: 11:17:51 : isPortInterface: 0
MIG: 11:17:51 : isPortInterface: 0
MIG: 11:17:51 : isPortInterface: 0
MIG: 11:17:51 : isPortInterface: 0
MIG: 11:17:51 : isPortInterface: 0
MIG: 11:17:51 : isPortInterface: 0
MIG: 11:17:51 : isPortInterface: 0
MIG: 11:17:51 : isPortInterface: 0
MIG: 11:17:51 : isPortInterface: 0
MIG: 11:17:51 : isPortInterface: 0
MIG: 11:17:51 : isPortInterface: 0
MIG: 11:17:51 : isPortInterface: 0
MIG: 11:17:51 : isPortInterface: 0
MIG: 11:17:51 : isPortInterface: 0
MIG: 11:17:51 : isPortInterface: 0
MIG: 11:17:51 : isPortInterface: 0
MIG: 11:17:51 : isPortInterface: 0
MIG: 11:17:51 : isPortInterface: 0
MIG: 11:17:51 : isPortInterface: 0
MIG: 11:17:51 : isPortInterface: 0
MIG: 11:17:51 : isPortInterface: 0
MIG: 11:17:51 : isPortInterface: 0
MIG: 11:17:51 : isPortInterface: 0
MIG: 11:17:51 : isPortInterface: 0
MIG: 11:17:51 : isPortInterface: 0
MIG: 11:17:51 : isPortInterface: 0
MIG: 11:17:51 : isPortInterface: 0
MIG: 11:17:51 : isPortInterface: 0
MIG: 11:17:51 : isPortInterface: 0
MIG: 11:17:51 : isPortInterface: 0
MIG: 11:17:51 : isPortInterface: 0
MIG: 11:17:51 : isPortInterface: 0
MIG: 11:17:51 : isPortInterface: 0
MIG: 11:17:51 : isPortInterface: 0
MIG: 11:17:51 : isPortInterface: 0
MIG: 11:17:51 : isPortInterface: 0
MIG: 11:17:51 : isPortInterface: 0
MIG: 11:17:51 : isPortInterface: 0
MIG: 11:17:51 : isPortInterface: 0
MIG: 11:17:51 : isPortInterface: 0
MIG: 11:17:51 : isPortInterface: 0
MIG: 11:17:51 : isPortInterface: 0
MIG: 11:17:51 : isPortInterface: 0
MIG: 11:17:51 : isPortInterface: 0
MIG: 11:17:51 : isPortInterface: 0
MIG: 11:17:51 : isPortInterface: 0
MIG: 11:17:51 : isPortInterface: 0
MIG: 11:17:51 : isPortInterface: 0
MIG: 11:17:51 : isPortInterface: 0
MIG: 11:17:51 : isPortInterface: 0
MIG: 11:17:51 : isPortInterface: 0
MIG: 11:17:51 : isPortInterface: 0
MIG: 11:17:51 : isPortInterface: 0
MIG: 11:17:51 : isPortInterface: 0
MIG: 11:17:51 : isPortInterface: 0
MIG: 11:17:51 : isPortInterface: 0
MIG: 11:17:51 : isPortInterface: 0
MIG: 11:17:51 : isPortInterface: 0
MIG: 11:17:51 : isPortInterface: 0
MIG: 11:17:51 : isPortInterface: 0
MIG: 11:17:51 : isPortInterface: 0
MIG: 11:17:51 : isPortInterface: 0
MIG: 11:17:51 : isPortInterface: 0
MIG: 11:17:51 : isPortInterface: 0
MIG: 11:17:51 : isPortInterface: 0
MIG: 11:17:51 : isPortInterface: 0
MIG: 11:17:51 : isPortInterface: 0
MIG: 11:17:51 : isPortInterface: 0
MIG: 11:17:51 : isPortInterface: 0
MIG: 11:17:51 : isPortInterface: 0
MIG: 11:17:51 : isPortInterface: 0
MIG: 11:17:51 : isPortInterface: 0
MIG: 11:17:51 : isPortInterface: 0
MIG: 11:17:51 : isPortInterface: 0
MIG: 11:17:51 : isPortInterface: 0
MIG: 11:17:51 : isPortInterface: 0
MIG: 11:17:51 : isPortInterface: 0
MIG: 11:17:51 : isPortInterface: 0
MIG: 11:17:51 : isPortInterface: 0
MIG: 11:17:51 : isPortInterface: 0
MIG: 11:17:51 : isPortInterface: 0
MIG: 11:17:51 : isPortInterface: 0
MIG: 11:17:51 : isPortInterface: 0
MIG: 11:17:51 : isPortInterface: 0
MIG: 11:17:51 : isPortInterface: 0
MIG: 11:17:51 : isPortInterface: 0
MIG: 11:17:51 : isPortInterface: 0
MIG: 11:17:51 : isPortInterface: 0
MIG: 11:17:51 : isPortInterface: 0
MIG: 11:17:51 : isPortInterface: 0
MIG: 11:17:51 : isPortInterface: 0
MIG: 11:17:51 : isPortInterface: 0
MIG: 11:17:51 : isPortInterface: 0
MIG: 11:17:51 : isPortInterface: 0
MIG: 11:17:51 : isPortInterface: 0
MIG: 11:17:51 : isPortInterface: 0
MIG: 11:17:51 : isPortInterface: 0
MIG: 11:17:51 : isPortInterface: 0
MIG: 11:17:51 : isPortInterface: 0
MIG: 11:17:51 : isPortInterface: 0
MIG: 11:17:51 : isPortInterface: 0
MIG: 11:17:51 : isPortInterface: 0
MIG: 11:17:51 : isPortInterface: 0
MIG: 11:17:51 : isPortInterface: 0
MIG: 11:17:51 : isPortInterface: 0
MIG: 11:17:51 : isPortInterface: 0
MIG: 11:17:51 : isPortInterface: 0
MIG: 11:17:51 : isPortInterface: 0
MIG: 11:17:51 : isPortInterface: 0
MIG: 11:17:51 : isPortInterface: 0
MIG: 11:17:51 : isPortInterface: 0
MIG: 11:17:51 : isPortInterface: 0
MIG: 11:17:51 : isPortInterface: 0
MIG: 11:17:51 : isPortInterface: 0
MIG: 11:17:51 : isPortInterface: 0
MIG: 11:17:51 : isPortInterface: 0
MIG: 11:17:51 : isPortInterface: 0
MIG: 11:17:51 : isPortInterface: 0
MIG: 11:17:51 : isPortInterface: 0
MIG: 11:17:51 : isPortInterface: 0
MIG: 11:17:51 : isPortInterface: 0
MIG: 11:17:51 : isPortInterface: 0
MIG: 11:17:51 : isPortInterface: 0
MIG: 11:17:51 : isPortInterface: 0
MIG: 11:17:51 : isPortInterface: 0
MIG: 11:17:51 : isPortInterface: 0
MIG: 11:17:51 : isPortInterface: 0
MIG: 11:17:51 : isPortInterface: 0
MIG: 11:17:51 : isPortInterface: 0
MIG: 11:17:51 : isPortInterface: 0
MIG: 11:17:51 : isPortInterface: 0
MIG: 11:17:51 : isPortInterface: 0
MIG: 11:17:51 : isPortInterface: 0
MIG: 11:17:51 : isPortInterface: 0
MIG: 11:17:51 : isPortInterface: 0
MIG: 11:17:51 : isPortInterface: 0
MIG: 11:17:51 : isPortInterface: 0
MIG: 11:17:51 : isPortInterface: 0
MIG: 11:17:51 : isPortInterface: 0
MIG: 11:17:51 : isPortInterface: 0
MIG: 11:17:51 : isPortInterface: 0
MIG: 11:17:51 : isPortInterface: 0
MIG: 11:17:51 : isPortInterface: 0
MIG: 11:17:51 : isPortInterface: 0
MIG: 11:17:51 : isPortInterface: 0
MIG: 11:17:51 : isPortInterface: 0
MIG: 11:17:51 : isPortInterface: 0
MIG: 11:17:51 : isPortInterface: 0
MIG: 11:17:51 : isPortInterface: 0
MIG: 11:17:51 : isPortInterface: 0
MIG: 11:17:51 : isPortInterface: 0
MIG: 11:17:51 : isPortInterface: 0
MIG: 11:17:51 : isPortInterface: 0
MIG: 11:17:51 : isPortInterface: 1
MIG: 11:17:51 : isPortInterface: 0
MIG: 11:17:51 : isPortInterface: 0
MIG: 11:17:51 : isPortInterface: 0
MIG: 11:17:51 : isPortInterface: 0
MIG: 11:17:51 : isPortInterface: 0
MIG: 11:17:51 : isPortInterface: 0
MIG: 11:17:51 : isPortInterface: 0
MIG: 11:17:51 : isPortInterface: 0
MIG: 11:17:51 : isPortInterface: 0
MIG: 11:17:51 : isPortInterface: 0
MIG: 11:17:51 :  locked false  
MIG: 11:17:51 : HDL Language: Verilog
MIG: 11:17:51 : compInfo: false
MIG: 11:17:51 : Vivado Options xc7k325t ffg900 -2
MIG: 11:17:51 : 1: xc7k325t 2: ffg900 3: -2
MIG: 11:17:51 : relative mig path: coregen/ip/xilinx/other/com/xilinx/ip/mig_7series_v4_0/bin/nt64/mig.exe
MIG: 11:17:51 : xilinx_path: C:/Xilinx/Vivado/2017.4/ids_lite/ISE
MIG: 11:17:51 : I am in catch area
MIG: 11:17:51 : Running C:/Xilinx/Vivado/2017.4/ids_lite/ISE/coregen/ip/xilinx/other/com/xilinx/ip/mig_7series_v4_0/bin/nt64/mig.exe -cg_exc_inp f:/XAPP1026/KC705_AxiEth_150MHZ_64KB/vfat3_firmware/HW/vbv3_hw_flash/vbv3_hw_flash.srcs/sources_1/bd/mb_subsystem/ip/mb_subsystem_mig_7series_0_0/xil_txt.in -cg_exc_out f:/XAPP1026/KC705_AxiEth_150MHZ_64KB/vfat3_firmware/HW/vbv3_hw_flash/vbv3_hw_flash.srcs/sources_1/bd/mb_subsystem/ip/mb_subsystem_mig_7series_0_0/xil_txt.out ... 
MIG: 11:18:02 : XML_INPUT_FILE: f:/XAPP1026/KC705_AxiEth_150MHZ_64KB/vfat3_firmware/HW/vbv3_hw_flash/vbv3_hw_flash.srcs/sources_1/bd/mb_subsystem/ip/mb_subsystem_mig_7series_0_0/mig_b.prj
MIG: 11:18:02 : Component_Name: mb_subsystem_mig_7series_0_0
MIG: 11:18:02 : Moving mb_subsystem_mig_7series_0_0 ...
MIG: 11:18:02 : Moving mb_subsystem_mig_7series_0_0.veo ...
MIG: 11:18:02 : Moving mb_subsystem_mig_7series_0_0_xmdf.tcl ...
MIG: 11:18:02 : Running vlog_sim_rpr.xit .. PRASAD DBG1
MIG: 11:18:03 : IGN:     <ModuleName>mb_subsystem_mig_7series_0_0</ModuleName> <==>     <ModuleName>mb_subsystem_mig_7series_0_0</ModuleName> 
MIG: 11:18:03 : IGN:         <InputClkFreq>200.2</InputClkFreq> <==>         <InputClkFreq>200.2</InputClkFreq> 
MIG: 11:18:03 : Running implementation.xit
MIG: 11:18:03 : IGN:     <ModuleName>mb_subsystem_mig_7series_0_0</ModuleName> <==>     <ModuleName>mb_subsystem_mig_7series_0_0</ModuleName> 
MIG: 11:18:03 : IGN:         <InputClkFreq>200.2</InputClkFreq> <==>         <InputClkFreq>200.2</InputClkFreq> 
MIG: 19:10:02 : Running synthesis.xit
MIG: 19:10:02 : ################# RUNNING MIG BATCH ###################
MIG: 19:10:02 : Writing IN file for 'mb_subsystem_mig_7series_0_0'...compDirPath: c:/Xilinx/Vivado/2017.4/data/ip/xilinx/mig_7series_v4_0... instDirPath: f:/XAPP1026/KC705_AxiEth_150MHZ_64KB/vfat3_firmware/HW/vbv3_hw_flash/vbv3_hw_flash.srcs/sources_1/bd/mb_subsystem/ip/mb_subsystem_mig_7series_0_0
MIG: 19:10:02 : synp_flow:  -- synthesis_mode: Other
MIG: 19:10:02 : outputDirectory: f:/XAPP1026/KC705_AxiEth_150MHZ_64KB/vfat3_firmware/HW/vbv3_hw_flash/vbv3_hw_flash.srcs/sources_1/bd/mb_subsystem/ip/mb_subsystem_mig_7series_0_0/_tmp/
MIG: 19:10:02 : vivado_mode: xpg_bd
MIG: 19:10:02 : isPortInterface: 0
MIG: 19:10:02 : isPortInterface: 0
MIG: 19:10:02 : isPortInterface: 0
MIG: 19:10:02 : isPortInterface: 0
MIG: 19:10:02 : isPortInterface: 0
MIG: 19:10:02 : isPortInterface: 0
MIG: 19:10:02 : isPortInterface: 0
MIG: 19:10:02 : isPortInterface: 0
MIG: 19:10:02 : isPortInterface: 0
MIG: 19:10:02 : isPortInterface: 0
MIG: 19:10:02 : isPortInterface: 0
MIG: 19:10:02 : isPortInterface: 0
MIG: 19:10:02 : isPortInterface: 0
MIG: 19:10:02 : isPortInterface: 0
MIG: 19:10:02 : isPortInterface: 0
MIG: 19:10:02 : isPortInterface: 0
MIG: 19:10:02 : isPortInterface: 0
MIG: 19:10:02 : isPortInterface: 0
MIG: 19:10:02 : isPortInterface: 0
MIG: 19:10:02 : isPortInterface: 0
MIG: 19:10:02 : isPortInterface: 0
MIG: 19:10:02 : isPortInterface: 0
MIG: 19:10:02 : isPortInterface: 0
MIG: 19:10:02 : isPortInterface: 0
MIG: 19:10:02 : isPortInterface: 0
MIG: 19:10:02 : isPortInterface: 0
MIG: 19:10:02 : isPortInterface: 0
MIG: 19:10:03 : isPortInterface: 0
MIG: 19:10:03 : isPortInterface: 0
MIG: 19:10:03 : isPortInterface: 0
MIG: 19:10:03 : isPortInterface: 0
MIG: 19:10:03 : isPortInterface: 0
MIG: 19:10:03 : isPortInterface: 0
MIG: 19:10:03 : isPortInterface: 0
MIG: 19:10:03 : isPortInterface: 0
MIG: 19:10:03 : isPortInterface: 0
MIG: 19:10:03 : isPortInterface: 0
MIG: 19:10:03 : isPortInterface: 0
MIG: 19:10:03 : isPortInterface: 0
MIG: 19:10:03 : isPortInterface: 0
MIG: 19:10:03 : isPortInterface: 0
MIG: 19:10:03 : isPortInterface: 0
MIG: 19:10:03 : isPortInterface: 0
MIG: 19:10:03 : isPortInterface: 0
MIG: 19:10:03 : isPortInterface: 0
MIG: 19:10:03 : isPortInterface: 0
MIG: 19:10:03 : isPortInterface: 0
MIG: 19:10:03 : isPortInterface: 0
MIG: 19:10:03 : isPortInterface: 0
MIG: 19:10:03 : isPortInterface: 0
MIG: 19:10:03 : isPortInterface: 0
MIG: 19:10:03 : isPortInterface: 0
MIG: 19:10:03 : isPortInterface: 0
MIG: 19:10:03 : isPortInterface: 0
MIG: 19:10:03 : isPortInterface: 0
MIG: 19:10:03 : isPortInterface: 0
MIG: 19:10:03 : isPortInterface: 0
MIG: 19:10:03 : isPortInterface: 0
MIG: 19:10:03 : isPortInterface: 0
MIG: 19:10:03 : isPortInterface: 0
MIG: 19:10:03 : isPortInterface: 0
MIG: 19:10:03 : isPortInterface: 0
MIG: 19:10:03 : isPortInterface: 0
MIG: 19:10:03 : isPortInterface: 0
MIG: 19:10:03 : isPortInterface: 0
MIG: 19:10:03 : isPortInterface: 0
MIG: 19:10:03 : isPortInterface: 0
MIG: 19:10:03 : isPortInterface: 0
MIG: 19:10:03 : isPortInterface: 0
MIG: 19:10:03 : isPortInterface: 0
MIG: 19:10:03 : isPortInterface: 0
MIG: 19:10:03 : isPortInterface: 0
MIG: 19:10:03 : isPortInterface: 0
MIG: 19:10:03 : isPortInterface: 0
MIG: 19:10:03 : isPortInterface: 0
MIG: 19:10:03 : isPortInterface: 0
MIG: 19:10:03 : isPortInterface: 0
MIG: 19:10:03 : isPortInterface: 0
MIG: 19:10:03 : isPortInterface: 0
MIG: 19:10:03 : isPortInterface: 0
MIG: 19:10:03 : isPortInterface: 0
MIG: 19:10:03 : isPortInterface: 0
MIG: 19:10:03 : isPortInterface: 0
MIG: 19:10:03 : isPortInterface: 0
MIG: 19:10:03 : isPortInterface: 0
MIG: 19:10:03 : isPortInterface: 0
MIG: 19:10:03 : isPortInterface: 0
MIG: 19:10:03 : isPortInterface: 0
MIG: 19:10:03 : isPortInterface: 0
MIG: 19:10:03 : isPortInterface: 0
MIG: 19:10:03 : isPortInterface: 0
MIG: 19:10:03 : isPortInterface: 0
MIG: 19:10:03 : isPortInterface: 0
MIG: 19:10:03 : isPortInterface: 0
MIG: 19:10:03 : isPortInterface: 0
MIG: 19:10:03 : isPortInterface: 0
MIG: 19:10:03 : isPortInterface: 0
MIG: 19:10:03 : isPortInterface: 0
MIG: 19:10:03 : isPortInterface: 0
MIG: 19:10:03 : isPortInterface: 0
MIG: 19:10:03 : isPortInterface: 0
MIG: 19:10:03 : isPortInterface: 0
MIG: 19:10:03 : isPortInterface: 0
MIG: 19:10:03 : isPortInterface: 0
MIG: 19:10:03 : isPortInterface: 0
MIG: 19:10:03 : isPortInterface: 0
MIG: 19:10:03 : isPortInterface: 0
MIG: 19:10:03 : isPortInterface: 0
MIG: 19:10:03 : isPortInterface: 0
MIG: 19:10:03 : isPortInterface: 0
MIG: 19:10:03 : isPortInterface: 0
MIG: 19:10:03 : isPortInterface: 0
MIG: 19:10:03 : isPortInterface: 0
MIG: 19:10:03 : isPortInterface: 0
MIG: 19:10:03 : isPortInterface: 0
MIG: 19:10:03 : isPortInterface: 0
MIG: 19:10:03 : isPortInterface: 0
MIG: 19:10:03 : isPortInterface: 0
MIG: 19:10:03 : isPortInterface: 0
MIG: 19:10:03 : isPortInterface: 0
MIG: 19:10:03 : isPortInterface: 0
MIG: 19:10:03 : isPortInterface: 0
MIG: 19:10:03 : isPortInterface: 0
MIG: 19:10:03 : isPortInterface: 0
MIG: 19:10:03 : isPortInterface: 0
MIG: 19:10:03 : isPortInterface: 0
MIG: 19:10:03 : isPortInterface: 0
MIG: 19:10:03 : isPortInterface: 0
MIG: 19:10:03 : isPortInterface: 0
MIG: 19:10:03 : isPortInterface: 0
MIG: 19:10:03 : isPortInterface: 0
MIG: 19:10:03 : isPortInterface: 0
MIG: 19:10:03 : isPortInterface: 0
MIG: 19:10:03 : isPortInterface: 0
MIG: 19:10:03 : isPortInterface: 0
MIG: 19:10:03 : isPortInterface: 0
MIG: 19:10:03 : isPortInterface: 0
MIG: 19:10:03 : isPortInterface: 0
MIG: 19:10:03 : isPortInterface: 0
MIG: 19:10:03 : isPortInterface: 0
MIG: 19:10:03 : isPortInterface: 0
MIG: 19:10:03 : isPortInterface: 0
MIG: 19:10:03 : isPortInterface: 0
MIG: 19:10:03 : isPortInterface: 0
MIG: 19:10:03 : isPortInterface: 0
MIG: 19:10:03 : isPortInterface: 0
MIG: 19:10:03 : isPortInterface: 0
MIG: 19:10:03 : isPortInterface: 0
MIG: 19:10:03 : isPortInterface: 0
MIG: 19:10:03 : isPortInterface: 0
MIG: 19:10:03 : isPortInterface: 0
MIG: 19:10:03 : isPortInterface: 0
MIG: 19:10:03 : isPortInterface: 0
MIG: 19:10:03 : isPortInterface: 0
MIG: 19:10:03 : isPortInterface: 0
MIG: 19:10:03 : isPortInterface: 0
MIG: 19:10:03 : isPortInterface: 0
MIG: 19:10:03 : isPortInterface: 0
MIG: 19:10:03 : isPortInterface: 0
MIG: 19:10:03 : isPortInterface: 0
MIG: 19:10:03 : isPortInterface: 0
MIG: 19:10:03 : isPortInterface: 0
MIG: 19:10:03 : isPortInterface: 0
MIG: 19:10:03 : isPortInterface: 0
MIG: 19:10:03 : isPortInterface: 0
MIG: 19:10:03 : isPortInterface: 0
MIG: 19:10:03 : isPortInterface: 0
MIG: 19:10:03 : isPortInterface: 0
MIG: 19:10:03 : isPortInterface: 0
MIG: 19:10:03 : isPortInterface: 0
MIG: 19:10:03 : isPortInterface: 0
MIG: 19:10:03 : isPortInterface: 0
MIG: 19:10:03 : isPortInterface: 0
MIG: 19:10:03 : isPortInterface: 0
MIG: 19:10:03 : isPortInterface: 0
MIG: 19:10:03 : isPortInterface: 0
MIG: 19:10:03 : isPortInterface: 0
MIG: 19:10:03 : isPortInterface: 0
MIG: 19:10:03 : isPortInterface: 0
MIG: 19:10:03 : isPortInterface: 0
MIG: 19:10:03 : isPortInterface: 0
MIG: 19:10:03 : isPortInterface: 0
MIG: 19:10:03 : isPortInterface: 0
MIG: 19:10:03 : isPortInterface: 0
MIG: 19:10:03 : isPortInterface: 0
MIG: 19:10:03 : isPortInterface: 0
MIG: 19:10:03 : isPortInterface: 0
MIG: 19:10:03 : isPortInterface: 0
MIG: 19:10:03 : isPortInterface: 0
MIG: 19:10:03 : isPortInterface: 0
MIG: 19:10:03 : isPortInterface: 0
MIG: 19:10:03 : isPortInterface: 0
MIG: 19:10:03 : isPortInterface: 0
MIG: 19:10:03 : isPortInterface: 1
MIG: 19:10:03 : isPortInterface: 0
MIG: 19:10:03 : isPortInterface: 0
MIG: 19:10:03 : isPortInterface: 0
MIG: 19:10:03 : isPortInterface: 0
MIG: 19:10:03 : isPortInterface: 0
MIG: 19:10:03 : isPortInterface: 0
MIG: 19:10:03 : isPortInterface: 0
MIG: 19:10:03 : isPortInterface: 0
MIG: 19:10:03 : isPortInterface: 0
MIG: 19:10:03 : isPortInterface: 0
MIG: 19:10:03 :  locked false  
MIG: 19:10:03 : HDL Language: Verilog
MIG: 19:10:03 : compInfo: false
MIG: 19:10:03 : Vivado Options xc7k325t ffg900 -2
MIG: 19:10:03 : 1: xc7k325t 2: ffg900 3: -2
MIG: 19:10:03 : relative mig path: coregen/ip/xilinx/other/com/xilinx/ip/mig_7series_v4_0/bin/nt64/mig.exe
MIG: 19:10:03 : xilinx_path: C:/Xilinx/Vivado/2017.4/ids_lite/ISE
MIG: 19:10:03 : I am in catch area
MIG: 19:10:03 : Running C:/Xilinx/Vivado/2017.4/ids_lite/ISE/coregen/ip/xilinx/other/com/xilinx/ip/mig_7series_v4_0/bin/nt64/mig.exe -cg_exc_inp f:/XAPP1026/KC705_AxiEth_150MHZ_64KB/vfat3_firmware/HW/vbv3_hw_flash/vbv3_hw_flash.srcs/sources_1/bd/mb_subsystem/ip/mb_subsystem_mig_7series_0_0/xil_txt.in -cg_exc_out f:/XAPP1026/KC705_AxiEth_150MHZ_64KB/vfat3_firmware/HW/vbv3_hw_flash/vbv3_hw_flash.srcs/sources_1/bd/mb_subsystem/ip/mb_subsystem_mig_7series_0_0/xil_txt.out ... 
MIG: 19:10:14 : XML_INPUT_FILE: f:/XAPP1026/KC705_AxiEth_150MHZ_64KB/vfat3_firmware/HW/vbv3_hw_flash/vbv3_hw_flash.srcs/sources_1/bd/mb_subsystem/ip/mb_subsystem_mig_7series_0_0/mig_b.prj
MIG: 19:10:14 : Component_Name: mb_subsystem_mig_7series_0_0
MIG: 19:10:14 : Moving mb_subsystem_mig_7series_0_0 ...
MIG: 19:10:14 : Moving mb_subsystem_mig_7series_0_0.veo ...
MIG: 19:10:14 : Moving mb_subsystem_mig_7series_0_0_xmdf.tcl ...
MIG: 19:10:14 : Running vlog_synth_rpr.xit
MIG: 19:10:15 : IGN:     <ModuleName>mb_subsystem_mig_7series_0_0</ModuleName> <==>     <ModuleName>mb_subsystem_mig_7series_0_0</ModuleName> 
MIG: 19:10:15 : IGN:         <InputClkFreq>200.2</InputClkFreq> <==>         <InputClkFreq>200.2</InputClkFreq> 
MIG: 19:10:15 : Running simulation.xit
MIG: 19:10:15 : ################# RUNNING MIG BATCH ###################
MIG: 19:10:15 : Writing IN file for 'mb_subsystem_mig_7series_0_0'...compDirPath: c:/Xilinx/Vivado/2017.4/data/ip/xilinx/mig_7series_v4_0... instDirPath: f:/XAPP1026/KC705_AxiEth_150MHZ_64KB/vfat3_firmware/HW/vbv3_hw_flash/vbv3_hw_flash.srcs/sources_1/bd/mb_subsystem/ip/mb_subsystem_mig_7series_0_0
MIG: 19:10:15 : synp_flow:  -- synthesis_mode: Other
MIG: 19:10:15 : outputDirectory: f:/XAPP1026/KC705_AxiEth_150MHZ_64KB/vfat3_firmware/HW/vbv3_hw_flash/vbv3_hw_flash.srcs/sources_1/bd/mb_subsystem/ip/mb_subsystem_mig_7series_0_0/_tmp/
MIG: 19:10:15 : vivado_mode: xpg_bd
MIG: 19:10:15 : isPortInterface: 0
MIG: 19:10:15 : isPortInterface: 0
MIG: 19:10:15 : isPortInterface: 0
MIG: 19:10:15 : isPortInterface: 0
MIG: 19:10:15 : isPortInterface: 0
MIG: 19:10:15 : isPortInterface: 0
MIG: 19:10:15 : isPortInterface: 0
MIG: 19:10:15 : isPortInterface: 0
MIG: 19:10:15 : isPortInterface: 0
MIG: 19:10:15 : isPortInterface: 0
MIG: 19:10:15 : isPortInterface: 0
MIG: 19:10:15 : isPortInterface: 0
MIG: 19:10:15 : isPortInterface: 0
MIG: 19:10:15 : isPortInterface: 0
MIG: 19:10:15 : isPortInterface: 0
MIG: 19:10:15 : isPortInterface: 0
MIG: 19:10:15 : isPortInterface: 0
MIG: 19:10:15 : isPortInterface: 0
MIG: 19:10:15 : isPortInterface: 0
MIG: 19:10:15 : isPortInterface: 0
MIG: 19:10:15 : isPortInterface: 0
MIG: 19:10:15 : isPortInterface: 0
MIG: 19:10:15 : isPortInterface: 0
MIG: 19:10:15 : isPortInterface: 0
MIG: 19:10:15 : isPortInterface: 0
MIG: 19:10:15 : isPortInterface: 0
MIG: 19:10:15 : isPortInterface: 0
MIG: 19:10:15 : isPortInterface: 0
MIG: 19:10:15 : isPortInterface: 0
MIG: 19:10:15 : isPortInterface: 0
MIG: 19:10:15 : isPortInterface: 0
MIG: 19:10:15 : isPortInterface: 0
MIG: 19:10:15 : isPortInterface: 0
MIG: 19:10:15 : isPortInterface: 0
MIG: 19:10:15 : isPortInterface: 0
MIG: 19:10:15 : isPortInterface: 0
MIG: 19:10:15 : isPortInterface: 0
MIG: 19:10:15 : isPortInterface: 0
MIG: 19:10:15 : isPortInterface: 0
MIG: 19:10:15 : isPortInterface: 0
MIG: 19:10:15 : isPortInterface: 0
MIG: 19:10:15 : isPortInterface: 0
MIG: 19:10:15 : isPortInterface: 0
MIG: 19:10:15 : isPortInterface: 0
MIG: 19:10:15 : isPortInterface: 0
MIG: 19:10:15 : isPortInterface: 0
MIG: 19:10:15 : isPortInterface: 0
MIG: 19:10:15 : isPortInterface: 0
MIG: 19:10:15 : isPortInterface: 0
MIG: 19:10:15 : isPortInterface: 0
MIG: 19:10:15 : isPortInterface: 0
MIG: 19:10:15 : isPortInterface: 0
MIG: 19:10:15 : isPortInterface: 0
MIG: 19:10:15 : isPortInterface: 0
MIG: 19:10:15 : isPortInterface: 0
MIG: 19:10:15 : isPortInterface: 0
MIG: 19:10:15 : isPortInterface: 0
MIG: 19:10:15 : isPortInterface: 0
MIG: 19:10:15 : isPortInterface: 0
MIG: 19:10:15 : isPortInterface: 0
MIG: 19:10:15 : isPortInterface: 0
MIG: 19:10:15 : isPortInterface: 0
MIG: 19:10:15 : isPortInterface: 0
MIG: 19:10:15 : isPortInterface: 0
MIG: 19:10:15 : isPortInterface: 0
MIG: 19:10:15 : isPortInterface: 0
MIG: 19:10:15 : isPortInterface: 0
MIG: 19:10:15 : isPortInterface: 0
MIG: 19:10:15 : isPortInterface: 0
MIG: 19:10:15 : isPortInterface: 0
MIG: 19:10:15 : isPortInterface: 0
MIG: 19:10:15 : isPortInterface: 0
MIG: 19:10:15 : isPortInterface: 0
MIG: 19:10:15 : isPortInterface: 0
MIG: 19:10:15 : isPortInterface: 0
MIG: 19:10:15 : isPortInterface: 0
MIG: 19:10:15 : isPortInterface: 0
MIG: 19:10:15 : isPortInterface: 0
MIG: 19:10:15 : isPortInterface: 0
MIG: 19:10:15 : isPortInterface: 0
MIG: 19:10:15 : isPortInterface: 0
MIG: 19:10:15 : isPortInterface: 0
MIG: 19:10:15 : isPortInterface: 0
MIG: 19:10:15 : isPortInterface: 0
MIG: 19:10:15 : isPortInterface: 0
MIG: 19:10:15 : isPortInterface: 0
MIG: 19:10:15 : isPortInterface: 0
MIG: 19:10:15 : isPortInterface: 0
MIG: 19:10:15 : isPortInterface: 0
MIG: 19:10:15 : isPortInterface: 0
MIG: 19:10:15 : isPortInterface: 0
MIG: 19:10:15 : isPortInterface: 0
MIG: 19:10:15 : isPortInterface: 0
MIG: 19:10:15 : isPortInterface: 0
MIG: 19:10:15 : isPortInterface: 0
MIG: 19:10:15 : isPortInterface: 0
MIG: 19:10:15 : isPortInterface: 0
MIG: 19:10:15 : isPortInterface: 0
MIG: 19:10:15 : isPortInterface: 0
MIG: 19:10:15 : isPortInterface: 0
MIG: 19:10:15 : isPortInterface: 0
MIG: 19:10:15 : isPortInterface: 0
MIG: 19:10:15 : isPortInterface: 0
MIG: 19:10:15 : isPortInterface: 0
MIG: 19:10:15 : isPortInterface: 0
MIG: 19:10:15 : isPortInterface: 0
MIG: 19:10:15 : isPortInterface: 0
MIG: 19:10:15 : isPortInterface: 0
MIG: 19:10:15 : isPortInterface: 0
MIG: 19:10:15 : isPortInterface: 0
MIG: 19:10:15 : isPortInterface: 0
MIG: 19:10:15 : isPortInterface: 0
MIG: 19:10:15 : isPortInterface: 0
MIG: 19:10:15 : isPortInterface: 0
MIG: 19:10:15 : isPortInterface: 0
MIG: 19:10:15 : isPortInterface: 0
MIG: 19:10:15 : isPortInterface: 0
MIG: 19:10:15 : isPortInterface: 0
MIG: 19:10:15 : isPortInterface: 0
MIG: 19:10:15 : isPortInterface: 0
MIG: 19:10:15 : isPortInterface: 0
MIG: 19:10:15 : isPortInterface: 0
MIG: 19:10:15 : isPortInterface: 0
MIG: 19:10:15 : isPortInterface: 0
MIG: 19:10:15 : isPortInterface: 0
MIG: 19:10:15 : isPortInterface: 0
MIG: 19:10:15 : isPortInterface: 0
MIG: 19:10:15 : isPortInterface: 0
MIG: 19:10:15 : isPortInterface: 0
MIG: 19:10:15 : isPortInterface: 0
MIG: 19:10:15 : isPortInterface: 0
MIG: 19:10:15 : isPortInterface: 0
MIG: 19:10:15 : isPortInterface: 0
MIG: 19:10:15 : isPortInterface: 0
MIG: 19:10:15 : isPortInterface: 0
MIG: 19:10:15 : isPortInterface: 0
MIG: 19:10:15 : isPortInterface: 0
MIG: 19:10:15 : isPortInterface: 0
MIG: 19:10:15 : isPortInterface: 0
MIG: 19:10:15 : isPortInterface: 0
MIG: 19:10:15 : isPortInterface: 0
MIG: 19:10:15 : isPortInterface: 0
MIG: 19:10:15 : isPortInterface: 0
MIG: 19:10:15 : isPortInterface: 0
MIG: 19:10:15 : isPortInterface: 0
MIG: 19:10:15 : isPortInterface: 0
MIG: 19:10:15 : isPortInterface: 0
MIG: 19:10:15 : isPortInterface: 0
MIG: 19:10:15 : isPortInterface: 0
MIG: 19:10:15 : isPortInterface: 0
MIG: 19:10:15 : isPortInterface: 0
MIG: 19:10:15 : isPortInterface: 0
MIG: 19:10:15 : isPortInterface: 0
MIG: 19:10:15 : isPortInterface: 0
MIG: 19:10:15 : isPortInterface: 0
MIG: 19:10:15 : isPortInterface: 0
MIG: 19:10:15 : isPortInterface: 0
MIG: 19:10:15 : isPortInterface: 0
MIG: 19:10:15 : isPortInterface: 0
MIG: 19:10:15 : isPortInterface: 0
MIG: 19:10:15 : isPortInterface: 0
MIG: 19:10:15 : isPortInterface: 0
MIG: 19:10:15 : isPortInterface: 0
MIG: 19:10:15 : isPortInterface: 0
MIG: 19:10:15 : isPortInterface: 0
MIG: 19:10:15 : isPortInterface: 0
MIG: 19:10:15 : isPortInterface: 0
MIG: 19:10:15 : isPortInterface: 0
MIG: 19:10:15 : isPortInterface: 0
MIG: 19:10:15 : isPortInterface: 0
MIG: 19:10:15 : isPortInterface: 0
MIG: 19:10:15 : isPortInterface: 0
MIG: 19:10:15 : isPortInterface: 0
MIG: 19:10:15 : isPortInterface: 0
MIG: 19:10:15 : isPortInterface: 0
MIG: 19:10:15 : isPortInterface: 0
MIG: 19:10:15 : isPortInterface: 0
MIG: 19:10:15 : isPortInterface: 0
MIG: 19:10:15 : isPortInterface: 0
MIG: 19:10:15 : isPortInterface: 0
MIG: 19:10:15 : isPortInterface: 0
MIG: 19:10:15 : isPortInterface: 0
MIG: 19:10:15 : isPortInterface: 0
MIG: 19:10:15 : isPortInterface: 0
MIG: 19:10:15 : isPortInterface: 0
MIG: 19:10:15 : isPortInterface: 0
MIG: 19:10:15 : isPortInterface: 0
MIG: 19:10:15 : isPortInterface: 0
MIG: 19:10:15 : isPortInterface: 0
MIG: 19:10:15 : isPortInterface: 0
MIG: 19:10:15 : isPortInterface: 0
MIG: 19:10:15 : isPortInterface: 0
MIG: 19:10:15 : isPortInterface: 0
MIG: 19:10:15 : isPortInterface: 1
MIG: 19:10:15 : isPortInterface: 0
MIG: 19:10:15 : isPortInterface: 0
MIG: 19:10:15 : isPortInterface: 0
MIG: 19:10:15 : isPortInterface: 0
MIG: 19:10:15 : isPortInterface: 0
MIG: 19:10:15 : isPortInterface: 0
MIG: 19:10:15 : isPortInterface: 0
MIG: 19:10:15 : isPortInterface: 0
MIG: 19:10:15 : isPortInterface: 0
MIG: 19:10:15 : isPortInterface: 0
MIG: 19:10:15 :  locked false  
MIG: 19:10:15 : HDL Language: Verilog
MIG: 19:10:15 : compInfo: false
MIG: 19:10:15 : Vivado Options xc7k325t ffg900 -2
MIG: 19:10:15 : 1: xc7k325t 2: ffg900 3: -2
MIG: 19:10:15 : relative mig path: coregen/ip/xilinx/other/com/xilinx/ip/mig_7series_v4_0/bin/nt64/mig.exe
MIG: 19:10:15 : xilinx_path: C:/Xilinx/Vivado/2017.4/ids_lite/ISE
MIG: 19:10:15 : I am in catch area
MIG: 19:10:15 : Running C:/Xilinx/Vivado/2017.4/ids_lite/ISE/coregen/ip/xilinx/other/com/xilinx/ip/mig_7series_v4_0/bin/nt64/mig.exe -cg_exc_inp f:/XAPP1026/KC705_AxiEth_150MHZ_64KB/vfat3_firmware/HW/vbv3_hw_flash/vbv3_hw_flash.srcs/sources_1/bd/mb_subsystem/ip/mb_subsystem_mig_7series_0_0/xil_txt.in -cg_exc_out f:/XAPP1026/KC705_AxiEth_150MHZ_64KB/vfat3_firmware/HW/vbv3_hw_flash/vbv3_hw_flash.srcs/sources_1/bd/mb_subsystem/ip/mb_subsystem_mig_7series_0_0/xil_txt.out ... 
MIG: 19:10:25 : XML_INPUT_FILE: f:/XAPP1026/KC705_AxiEth_150MHZ_64KB/vfat3_firmware/HW/vbv3_hw_flash/vbv3_hw_flash.srcs/sources_1/bd/mb_subsystem/ip/mb_subsystem_mig_7series_0_0/mig_b.prj
MIG: 19:10:25 : Component_Name: mb_subsystem_mig_7series_0_0
MIG: 19:10:25 : Moving mb_subsystem_mig_7series_0_0 ...
MIG: 19:10:25 : Moving mb_subsystem_mig_7series_0_0.veo ...
MIG: 19:10:25 : Moving mb_subsystem_mig_7series_0_0_xmdf.tcl ...
MIG: 19:10:25 : Running vlog_sim_rpr.xit .. PRASAD DBG1
MIG: 19:10:25 : IGN:     <ModuleName>mb_subsystem_mig_7series_0_0</ModuleName> <==>     <ModuleName>mb_subsystem_mig_7series_0_0</ModuleName> 
MIG: 19:10:25 : IGN:         <InputClkFreq>200.2</InputClkFreq> <==>         <InputClkFreq>200.2</InputClkFreq> 
MIG: 19:10:25 : Running implementation.xit
MIG: 19:10:25 : IGN:     <ModuleName>mb_subsystem_mig_7series_0_0</ModuleName> <==>     <ModuleName>mb_subsystem_mig_7series_0_0</ModuleName> 
MIG: 19:10:25 : IGN:         <InputClkFreq>200.2</InputClkFreq> <==>         <InputClkFreq>200.2</InputClkFreq> 
MIG: 10:08:49 : Running synthesis.xit
MIG: 10:08:49 : ################# RUNNING MIG BATCH ###################
MIG: 10:08:49 : Writing IN file for 'mb_subsystem_mig_7series_0_0'...compDirPath: c:/Xilinx/Vivado/2017.4/data/ip/xilinx/mig_7series_v4_0... instDirPath: f:/XAPP1026/KC705_AxiEth_150MHZ_64KB/vfat3_firmware/HW/vbv3_hw_flash/vbv3_hw_flash.srcs/sources_1/bd/mb_subsystem/ip/mb_subsystem_mig_7series_0_0
MIG: 10:08:49 : synp_flow:  -- synthesis_mode: Other
MIG: 10:08:49 : outputDirectory: f:/XAPP1026/KC705_AxiEth_150MHZ_64KB/vfat3_firmware/HW/vbv3_hw_flash/vbv3_hw_flash.srcs/sources_1/bd/mb_subsystem/ip/mb_subsystem_mig_7series_0_0/_tmp/
MIG: 10:08:49 : vivado_mode: xpg_bd
MIG: 10:08:49 : isPortInterface: 0
MIG: 10:08:49 : isPortInterface: 0
MIG: 10:08:49 : isPortInterface: 0
MIG: 10:08:49 : isPortInterface: 0
MIG: 10:08:49 : isPortInterface: 0
MIG: 10:08:49 : isPortInterface: 0
MIG: 10:08:49 : isPortInterface: 0
MIG: 10:08:49 : isPortInterface: 0
MIG: 10:08:49 : isPortInterface: 0
MIG: 10:08:49 : isPortInterface: 0
MIG: 10:08:49 : isPortInterface: 0
MIG: 10:08:49 : isPortInterface: 0
MIG: 10:08:49 : isPortInterface: 0
MIG: 10:08:49 : isPortInterface: 0
MIG: 10:08:50 : isPortInterface: 0
MIG: 10:08:50 : isPortInterface: 0
MIG: 10:08:50 : isPortInterface: 0
MIG: 10:08:50 : isPortInterface: 0
MIG: 10:08:50 : isPortInterface: 0
MIG: 10:08:50 : isPortInterface: 0
MIG: 10:08:50 : isPortInterface: 0
MIG: 10:08:50 : isPortInterface: 0
MIG: 10:08:50 : isPortInterface: 0
MIG: 10:08:50 : isPortInterface: 0
MIG: 10:08:50 : isPortInterface: 0
MIG: 10:08:50 : isPortInterface: 0
MIG: 10:08:50 : isPortInterface: 0
MIG: 10:08:50 : isPortInterface: 0
MIG: 10:08:50 : isPortInterface: 0
MIG: 10:08:50 : isPortInterface: 0
MIG: 10:08:50 : isPortInterface: 0
MIG: 10:08:50 : isPortInterface: 0
MIG: 10:08:50 : isPortInterface: 0
MIG: 10:08:50 : isPortInterface: 0
MIG: 10:08:50 : isPortInterface: 0
MIG: 10:08:50 : isPortInterface: 0
MIG: 10:08:50 : isPortInterface: 0
MIG: 10:08:50 : isPortInterface: 0
MIG: 10:08:50 : isPortInterface: 0
MIG: 10:08:50 : isPortInterface: 0
MIG: 10:08:50 : isPortInterface: 0
MIG: 10:08:50 : isPortInterface: 0
MIG: 10:08:50 : isPortInterface: 0
MIG: 10:08:50 : isPortInterface: 0
MIG: 10:08:50 : isPortInterface: 0
MIG: 10:08:50 : isPortInterface: 0
MIG: 10:08:50 : isPortInterface: 0
MIG: 10:08:50 : isPortInterface: 0
MIG: 10:08:50 : isPortInterface: 0
MIG: 10:08:50 : isPortInterface: 0
MIG: 10:08:50 : isPortInterface: 0
MIG: 10:08:50 : isPortInterface: 0
MIG: 10:08:50 : isPortInterface: 0
MIG: 10:08:50 : isPortInterface: 0
MIG: 10:08:50 : isPortInterface: 0
MIG: 10:08:50 : isPortInterface: 0
MIG: 10:08:50 : isPortInterface: 0
MIG: 10:08:50 : isPortInterface: 0
MIG: 10:08:50 : isPortInterface: 0
MIG: 10:08:50 : isPortInterface: 0
MIG: 10:08:50 : isPortInterface: 0
MIG: 10:08:50 : isPortInterface: 0
MIG: 10:08:50 : isPortInterface: 0
MIG: 10:08:50 : isPortInterface: 0
MIG: 10:08:50 : isPortInterface: 0
MIG: 10:08:50 : isPortInterface: 0
MIG: 10:08:50 : isPortInterface: 0
MIG: 10:08:50 : isPortInterface: 0
MIG: 10:08:50 : isPortInterface: 0
MIG: 10:08:50 : isPortInterface: 0
MIG: 10:08:50 : isPortInterface: 0
MIG: 10:08:50 : isPortInterface: 0
MIG: 10:08:50 : isPortInterface: 0
MIG: 10:08:50 : isPortInterface: 0
MIG: 10:08:50 : isPortInterface: 0
MIG: 10:08:50 : isPortInterface: 0
MIG: 10:08:50 : isPortInterface: 0
MIG: 10:08:50 : isPortInterface: 0
MIG: 10:08:50 : isPortInterface: 0
MIG: 10:08:50 : isPortInterface: 0
MIG: 10:08:50 : isPortInterface: 0
MIG: 10:08:50 : isPortInterface: 0
MIG: 10:08:50 : isPortInterface: 0
MIG: 10:08:50 : isPortInterface: 0
MIG: 10:08:50 : isPortInterface: 0
MIG: 10:08:50 : isPortInterface: 0
MIG: 10:08:50 : isPortInterface: 0
MIG: 10:08:50 : isPortInterface: 0
MIG: 10:08:50 : isPortInterface: 0
MIG: 10:08:50 : isPortInterface: 0
MIG: 10:08:50 : isPortInterface: 0
MIG: 10:08:50 : isPortInterface: 0
MIG: 10:08:50 : isPortInterface: 0
MIG: 10:08:50 : isPortInterface: 0
MIG: 10:08:50 : isPortInterface: 0
MIG: 10:08:50 : isPortInterface: 0
MIG: 10:08:50 : isPortInterface: 0
MIG: 10:08:50 : isPortInterface: 0
MIG: 10:08:50 : isPortInterface: 0
MIG: 10:08:50 : isPortInterface: 0
MIG: 10:08:50 : isPortInterface: 0
MIG: 10:08:50 : isPortInterface: 0
MIG: 10:08:50 : isPortInterface: 0
MIG: 10:08:50 : isPortInterface: 0
MIG: 10:08:50 : isPortInterface: 0
MIG: 10:08:50 : isPortInterface: 0
MIG: 10:08:50 : isPortInterface: 0
MIG: 10:08:50 : isPortInterface: 0
MIG: 10:08:50 : isPortInterface: 0
MIG: 10:08:50 : isPortInterface: 0
MIG: 10:08:50 : isPortInterface: 0
MIG: 10:08:50 : isPortInterface: 0
MIG: 10:08:50 : isPortInterface: 0
MIG: 10:08:50 : isPortInterface: 0
MIG: 10:08:50 : isPortInterface: 0
MIG: 10:08:50 : isPortInterface: 0
MIG: 10:08:50 : isPortInterface: 0
MIG: 10:08:50 : isPortInterface: 0
MIG: 10:08:50 : isPortInterface: 0
MIG: 10:08:50 : isPortInterface: 0
MIG: 10:08:50 : isPortInterface: 0
MIG: 10:08:50 : isPortInterface: 0
MIG: 10:08:50 : isPortInterface: 0
MIG: 10:08:50 : isPortInterface: 0
MIG: 10:08:50 : isPortInterface: 0
MIG: 10:08:50 : isPortInterface: 0
MIG: 10:08:50 : isPortInterface: 0
MIG: 10:08:50 : isPortInterface: 0
MIG: 10:08:50 : isPortInterface: 0
MIG: 10:08:50 : isPortInterface: 0
MIG: 10:08:50 : isPortInterface: 0
MIG: 10:08:50 : isPortInterface: 0
MIG: 10:08:50 : isPortInterface: 0
MIG: 10:08:50 : isPortInterface: 0
MIG: 10:08:50 : isPortInterface: 0
MIG: 10:08:50 : isPortInterface: 0
MIG: 10:08:50 : isPortInterface: 0
MIG: 10:08:50 : isPortInterface: 0
MIG: 10:08:50 : isPortInterface: 0
MIG: 10:08:50 : isPortInterface: 0
MIG: 10:08:50 : isPortInterface: 0
MIG: 10:08:50 : isPortInterface: 0
MIG: 10:08:50 : isPortInterface: 0
MIG: 10:08:50 : isPortInterface: 0
MIG: 10:08:50 : isPortInterface: 0
MIG: 10:08:50 : isPortInterface: 0
MIG: 10:08:50 : isPortInterface: 0
MIG: 10:08:50 : isPortInterface: 0
MIG: 10:08:50 : isPortInterface: 0
MIG: 10:08:50 : isPortInterface: 0
MIG: 10:08:50 : isPortInterface: 0
MIG: 10:08:50 : isPortInterface: 0
MIG: 10:08:50 : isPortInterface: 0
MIG: 10:08:50 : isPortInterface: 0
MIG: 10:08:50 : isPortInterface: 0
MIG: 10:08:50 : isPortInterface: 0
MIG: 10:08:50 : isPortInterface: 0
MIG: 10:08:50 : isPortInterface: 0
MIG: 10:08:50 : isPortInterface: 0
MIG: 10:08:50 : isPortInterface: 0
MIG: 10:08:50 : isPortInterface: 0
MIG: 10:08:50 : isPortInterface: 0
MIG: 10:08:50 : isPortInterface: 0
MIG: 10:08:50 : isPortInterface: 0
MIG: 10:08:50 : isPortInterface: 0
MIG: 10:08:50 : isPortInterface: 0
MIG: 10:08:50 : isPortInterface: 0
MIG: 10:08:50 : isPortInterface: 0
MIG: 10:08:50 : isPortInterface: 0
MIG: 10:08:50 : isPortInterface: 0
MIG: 10:08:50 : isPortInterface: 0
MIG: 10:08:50 : isPortInterface: 0
MIG: 10:08:50 : isPortInterface: 0
MIG: 10:08:50 : isPortInterface: 0
MIG: 10:08:50 : isPortInterface: 0
MIG: 10:08:50 : isPortInterface: 0
MIG: 10:08:50 : isPortInterface: 0
MIG: 10:08:50 : isPortInterface: 0
MIG: 10:08:50 : isPortInterface: 0
MIG: 10:08:50 : isPortInterface: 0
MIG: 10:08:50 : isPortInterface: 0
MIG: 10:08:50 : isPortInterface: 0
MIG: 10:08:50 : isPortInterface: 0
MIG: 10:08:50 : isPortInterface: 0
MIG: 10:08:50 : isPortInterface: 0
MIG: 10:08:50 : isPortInterface: 0
MIG: 10:08:50 : isPortInterface: 0
MIG: 10:08:50 : isPortInterface: 0
MIG: 10:08:50 : isPortInterface: 0
MIG: 10:08:50 : isPortInterface: 0
MIG: 10:08:50 : isPortInterface: 0
MIG: 10:08:50 : isPortInterface: 0
MIG: 10:08:50 : isPortInterface: 0
MIG: 10:08:50 : isPortInterface: 1
MIG: 10:08:50 : isPortInterface: 0
MIG: 10:08:50 : isPortInterface: 0
MIG: 10:08:50 : isPortInterface: 0
MIG: 10:08:50 : isPortInterface: 0
MIG: 10:08:50 : isPortInterface: 0
MIG: 10:08:50 : isPortInterface: 0
MIG: 10:08:50 : isPortInterface: 0
MIG: 10:08:50 : isPortInterface: 0
MIG: 10:08:50 : isPortInterface: 0
MIG: 10:08:50 : isPortInterface: 0
MIG: 10:08:50 :  locked false  
MIG: 10:08:50 : HDL Language: Verilog
MIG: 10:08:50 : compInfo: false
MIG: 10:08:50 : Vivado Options xc7k325t ffg900 -2
MIG: 10:08:50 : 1: xc7k325t 2: ffg900 3: -2
MIG: 10:08:50 : relative mig path: coregen/ip/xilinx/other/com/xilinx/ip/mig_7series_v4_0/bin/nt64/mig.exe
MIG: 10:08:50 : xilinx_path: C:/Xilinx/Vivado/2017.4/ids_lite/ISE
MIG: 10:08:50 : I am in catch area
MIG: 10:08:50 : Running C:/Xilinx/Vivado/2017.4/ids_lite/ISE/coregen/ip/xilinx/other/com/xilinx/ip/mig_7series_v4_0/bin/nt64/mig.exe -cg_exc_inp f:/XAPP1026/KC705_AxiEth_150MHZ_64KB/vfat3_firmware/HW/vbv3_hw_flash/vbv3_hw_flash.srcs/sources_1/bd/mb_subsystem/ip/mb_subsystem_mig_7series_0_0/xil_txt.in -cg_exc_out f:/XAPP1026/KC705_AxiEth_150MHZ_64KB/vfat3_firmware/HW/vbv3_hw_flash/vbv3_hw_flash.srcs/sources_1/bd/mb_subsystem/ip/mb_subsystem_mig_7series_0_0/xil_txt.out ... 
MIG: 10:09:02 : XML_INPUT_FILE: f:/XAPP1026/KC705_AxiEth_150MHZ_64KB/vfat3_firmware/HW/vbv3_hw_flash/vbv3_hw_flash.srcs/sources_1/bd/mb_subsystem/ip/mb_subsystem_mig_7series_0_0/mig_b.prj
MIG: 10:09:02 : Component_Name: mb_subsystem_mig_7series_0_0
MIG: 10:09:02 : Moving mb_subsystem_mig_7series_0_0 ...
MIG: 10:09:02 : Moving mb_subsystem_mig_7series_0_0.veo ...
MIG: 10:09:02 : Moving mb_subsystem_mig_7series_0_0_xmdf.tcl ...
MIG: 10:09:02 : Running vlog_synth_rpr.xit
MIG: 10:09:02 : IGN:     <ModuleName>mb_subsystem_mig_7series_0_0</ModuleName> <==>     <ModuleName>mb_subsystem_mig_7series_0_0</ModuleName> 
MIG: 10:09:02 : IGN:         <InputClkFreq>200.2</InputClkFreq> <==>         <InputClkFreq>200.2</InputClkFreq> 
MIG: 10:09:02 : Running simulation.xit
MIG: 10:09:02 : ################# RUNNING MIG BATCH ###################
MIG: 10:09:02 : Writing IN file for 'mb_subsystem_mig_7series_0_0'...compDirPath: c:/Xilinx/Vivado/2017.4/data/ip/xilinx/mig_7series_v4_0... instDirPath: f:/XAPP1026/KC705_AxiEth_150MHZ_64KB/vfat3_firmware/HW/vbv3_hw_flash/vbv3_hw_flash.srcs/sources_1/bd/mb_subsystem/ip/mb_subsystem_mig_7series_0_0
MIG: 10:09:02 : synp_flow:  -- synthesis_mode: Other
MIG: 10:09:02 : outputDirectory: f:/XAPP1026/KC705_AxiEth_150MHZ_64KB/vfat3_firmware/HW/vbv3_hw_flash/vbv3_hw_flash.srcs/sources_1/bd/mb_subsystem/ip/mb_subsystem_mig_7series_0_0/_tmp/
MIG: 10:09:02 : vivado_mode: xpg_bd
MIG: 10:09:02 : isPortInterface: 0
MIG: 10:09:02 : isPortInterface: 0
MIG: 10:09:02 : isPortInterface: 0
MIG: 10:09:02 : isPortInterface: 0
MIG: 10:09:02 : isPortInterface: 0
MIG: 10:09:02 : isPortInterface: 0
MIG: 10:09:02 : isPortInterface: 0
MIG: 10:09:02 : isPortInterface: 0
MIG: 10:09:02 : isPortInterface: 0
MIG: 10:09:02 : isPortInterface: 0
MIG: 10:09:02 : isPortInterface: 0
MIG: 10:09:02 : isPortInterface: 0
MIG: 10:09:02 : isPortInterface: 0
MIG: 10:09:02 : isPortInterface: 0
MIG: 10:09:02 : isPortInterface: 0
MIG: 10:09:02 : isPortInterface: 0
MIG: 10:09:02 : isPortInterface: 0
MIG: 10:09:02 : isPortInterface: 0
MIG: 10:09:02 : isPortInterface: 0
MIG: 10:09:02 : isPortInterface: 0
MIG: 10:09:02 : isPortInterface: 0
MIG: 10:09:02 : isPortInterface: 0
MIG: 10:09:02 : isPortInterface: 0
MIG: 10:09:02 : isPortInterface: 0
MIG: 10:09:02 : isPortInterface: 0
MIG: 10:09:02 : isPortInterface: 0
MIG: 10:09:02 : isPortInterface: 0
MIG: 10:09:02 : isPortInterface: 0
MIG: 10:09:02 : isPortInterface: 0
MIG: 10:09:02 : isPortInterface: 0
MIG: 10:09:02 : isPortInterface: 0
MIG: 10:09:02 : isPortInterface: 0
MIG: 10:09:02 : isPortInterface: 0
MIG: 10:09:02 : isPortInterface: 0
MIG: 10:09:02 : isPortInterface: 0
MIG: 10:09:02 : isPortInterface: 0
MIG: 10:09:02 : isPortInterface: 0
MIG: 10:09:02 : isPortInterface: 0
MIG: 10:09:02 : isPortInterface: 0
MIG: 10:09:02 : isPortInterface: 0
MIG: 10:09:02 : isPortInterface: 0
MIG: 10:09:02 : isPortInterface: 0
MIG: 10:09:02 : isPortInterface: 0
MIG: 10:09:02 : isPortInterface: 0
MIG: 10:09:02 : isPortInterface: 0
MIG: 10:09:02 : isPortInterface: 0
MIG: 10:09:02 : isPortInterface: 0
MIG: 10:09:02 : isPortInterface: 0
MIG: 10:09:02 : isPortInterface: 0
MIG: 10:09:02 : isPortInterface: 0
MIG: 10:09:02 : isPortInterface: 0
MIG: 10:09:02 : isPortInterface: 0
MIG: 10:09:02 : isPortInterface: 0
MIG: 10:09:02 : isPortInterface: 0
MIG: 10:09:02 : isPortInterface: 0
MIG: 10:09:02 : isPortInterface: 0
MIG: 10:09:02 : isPortInterface: 0
MIG: 10:09:02 : isPortInterface: 0
MIG: 10:09:02 : isPortInterface: 0
MIG: 10:09:02 : isPortInterface: 0
MIG: 10:09:02 : isPortInterface: 0
MIG: 10:09:02 : isPortInterface: 0
MIG: 10:09:02 : isPortInterface: 0
MIG: 10:09:02 : isPortInterface: 0
MIG: 10:09:02 : isPortInterface: 0
MIG: 10:09:02 : isPortInterface: 0
MIG: 10:09:02 : isPortInterface: 0
MIG: 10:09:02 : isPortInterface: 0
MIG: 10:09:02 : isPortInterface: 0
MIG: 10:09:02 : isPortInterface: 0
MIG: 10:09:02 : isPortInterface: 0
MIG: 10:09:02 : isPortInterface: 0
MIG: 10:09:02 : isPortInterface: 0
MIG: 10:09:02 : isPortInterface: 0
MIG: 10:09:02 : isPortInterface: 0
MIG: 10:09:02 : isPortInterface: 0
MIG: 10:09:02 : isPortInterface: 0
MIG: 10:09:02 : isPortInterface: 0
MIG: 10:09:02 : isPortInterface: 0
MIG: 10:09:02 : isPortInterface: 0
MIG: 10:09:02 : isPortInterface: 0
MIG: 10:09:02 : isPortInterface: 0
MIG: 10:09:02 : isPortInterface: 0
MIG: 10:09:02 : isPortInterface: 0
MIG: 10:09:02 : isPortInterface: 0
MIG: 10:09:02 : isPortInterface: 0
MIG: 10:09:02 : isPortInterface: 0
MIG: 10:09:02 : isPortInterface: 0
MIG: 10:09:02 : isPortInterface: 0
MIG: 10:09:02 : isPortInterface: 0
MIG: 10:09:02 : isPortInterface: 0
MIG: 10:09:02 : isPortInterface: 0
MIG: 10:09:02 : isPortInterface: 0
MIG: 10:09:02 : isPortInterface: 0
MIG: 10:09:02 : isPortInterface: 0
MIG: 10:09:02 : isPortInterface: 0
MIG: 10:09:02 : isPortInterface: 0
MIG: 10:09:02 : isPortInterface: 0
MIG: 10:09:02 : isPortInterface: 0
MIG: 10:09:02 : isPortInterface: 0
MIG: 10:09:02 : isPortInterface: 0
MIG: 10:09:02 : isPortInterface: 0
MIG: 10:09:02 : isPortInterface: 0
MIG: 10:09:02 : isPortInterface: 0
MIG: 10:09:02 : isPortInterface: 0
MIG: 10:09:02 : isPortInterface: 0
MIG: 10:09:02 : isPortInterface: 0
MIG: 10:09:02 : isPortInterface: 0
MIG: 10:09:02 : isPortInterface: 0
MIG: 10:09:02 : isPortInterface: 0
MIG: 10:09:02 : isPortInterface: 0
MIG: 10:09:02 : isPortInterface: 0
MIG: 10:09:02 : isPortInterface: 0
MIG: 10:09:02 : isPortInterface: 0
MIG: 10:09:02 : isPortInterface: 0
MIG: 10:09:02 : isPortInterface: 0
MIG: 10:09:02 : isPortInterface: 0
MIG: 10:09:02 : isPortInterface: 0
MIG: 10:09:02 : isPortInterface: 0
MIG: 10:09:02 : isPortInterface: 0
MIG: 10:09:02 : isPortInterface: 0
MIG: 10:09:02 : isPortInterface: 0
MIG: 10:09:02 : isPortInterface: 0
MIG: 10:09:02 : isPortInterface: 0
MIG: 10:09:02 : isPortInterface: 0
MIG: 10:09:02 : isPortInterface: 0
MIG: 10:09:02 : isPortInterface: 0
MIG: 10:09:02 : isPortInterface: 0
MIG: 10:09:02 : isPortInterface: 0
MIG: 10:09:02 : isPortInterface: 0
MIG: 10:09:02 : isPortInterface: 0
MIG: 10:09:02 : isPortInterface: 0
MIG: 10:09:02 : isPortInterface: 0
MIG: 10:09:02 : isPortInterface: 0
MIG: 10:09:02 : isPortInterface: 0
MIG: 10:09:02 : isPortInterface: 0
MIG: 10:09:02 : isPortInterface: 0
MIG: 10:09:02 : isPortInterface: 0
MIG: 10:09:02 : isPortInterface: 0
MIG: 10:09:02 : isPortInterface: 0
MIG: 10:09:02 : isPortInterface: 0
MIG: 10:09:02 : isPortInterface: 0
MIG: 10:09:02 : isPortInterface: 0
MIG: 10:09:02 : isPortInterface: 0
MIG: 10:09:02 : isPortInterface: 0
MIG: 10:09:02 : isPortInterface: 0
MIG: 10:09:02 : isPortInterface: 0
MIG: 10:09:02 : isPortInterface: 0
MIG: 10:09:02 : isPortInterface: 0
MIG: 10:09:02 : isPortInterface: 0
MIG: 10:09:02 : isPortInterface: 0
MIG: 10:09:02 : isPortInterface: 0
MIG: 10:09:02 : isPortInterface: 0
MIG: 10:09:02 : isPortInterface: 0
MIG: 10:09:02 : isPortInterface: 0
MIG: 10:09:02 : isPortInterface: 0
MIG: 10:09:02 : isPortInterface: 0
MIG: 10:09:02 : isPortInterface: 0
MIG: 10:09:02 : isPortInterface: 0
MIG: 10:09:02 : isPortInterface: 0
MIG: 10:09:02 : isPortInterface: 0
MIG: 10:09:02 : isPortInterface: 0
MIG: 10:09:02 : isPortInterface: 0
MIG: 10:09:02 : isPortInterface: 0
MIG: 10:09:02 : isPortInterface: 0
MIG: 10:09:02 : isPortInterface: 0
MIG: 10:09:02 : isPortInterface: 0
MIG: 10:09:02 : isPortInterface: 0
MIG: 10:09:02 : isPortInterface: 0
MIG: 10:09:02 : isPortInterface: 0
MIG: 10:09:02 : isPortInterface: 0
MIG: 10:09:02 : isPortInterface: 0
MIG: 10:09:02 : isPortInterface: 0
MIG: 10:09:02 : isPortInterface: 0
MIG: 10:09:02 : isPortInterface: 0
MIG: 10:09:02 : isPortInterface: 0
MIG: 10:09:02 : isPortInterface: 0
MIG: 10:09:02 : isPortInterface: 0
MIG: 10:09:02 : isPortInterface: 0
MIG: 10:09:02 : isPortInterface: 0
MIG: 10:09:02 : isPortInterface: 0
MIG: 10:09:02 : isPortInterface: 0
MIG: 10:09:02 : isPortInterface: 0
MIG: 10:09:02 : isPortInterface: 0
MIG: 10:09:02 : isPortInterface: 0
MIG: 10:09:02 : isPortInterface: 0
MIG: 10:09:02 : isPortInterface: 0
MIG: 10:09:02 : isPortInterface: 0
MIG: 10:09:02 : isPortInterface: 0
MIG: 10:09:02 : isPortInterface: 0
MIG: 10:09:02 : isPortInterface: 0
MIG: 10:09:02 : isPortInterface: 0
MIG: 10:09:02 : isPortInterface: 0
MIG: 10:09:02 : isPortInterface: 1
MIG: 10:09:02 : isPortInterface: 0
MIG: 10:09:02 : isPortInterface: 0
MIG: 10:09:02 : isPortInterface: 0
MIG: 10:09:02 : isPortInterface: 0
MIG: 10:09:02 : isPortInterface: 0
MIG: 10:09:02 : isPortInterface: 0
MIG: 10:09:02 : isPortInterface: 0
MIG: 10:09:02 : isPortInterface: 0
MIG: 10:09:02 : isPortInterface: 0
MIG: 10:09:02 : isPortInterface: 0
MIG: 10:09:02 :  locked false  
MIG: 10:09:02 : HDL Language: Verilog
MIG: 10:09:02 : compInfo: false
MIG: 10:09:02 : Vivado Options xc7k325t ffg900 -2
MIG: 10:09:02 : 1: xc7k325t 2: ffg900 3: -2
MIG: 10:09:02 : relative mig path: coregen/ip/xilinx/other/com/xilinx/ip/mig_7series_v4_0/bin/nt64/mig.exe
MIG: 10:09:02 : xilinx_path: C:/Xilinx/Vivado/2017.4/ids_lite/ISE
MIG: 10:09:02 : I am in catch area
MIG: 10:09:02 : Running C:/Xilinx/Vivado/2017.4/ids_lite/ISE/coregen/ip/xilinx/other/com/xilinx/ip/mig_7series_v4_0/bin/nt64/mig.exe -cg_exc_inp f:/XAPP1026/KC705_AxiEth_150MHZ_64KB/vfat3_firmware/HW/vbv3_hw_flash/vbv3_hw_flash.srcs/sources_1/bd/mb_subsystem/ip/mb_subsystem_mig_7series_0_0/xil_txt.in -cg_exc_out f:/XAPP1026/KC705_AxiEth_150MHZ_64KB/vfat3_firmware/HW/vbv3_hw_flash/vbv3_hw_flash.srcs/sources_1/bd/mb_subsystem/ip/mb_subsystem_mig_7series_0_0/xil_txt.out ... 
MIG: 10:09:11 : XML_INPUT_FILE: f:/XAPP1026/KC705_AxiEth_150MHZ_64KB/vfat3_firmware/HW/vbv3_hw_flash/vbv3_hw_flash.srcs/sources_1/bd/mb_subsystem/ip/mb_subsystem_mig_7series_0_0/mig_b.prj
MIG: 10:09:11 : Component_Name: mb_subsystem_mig_7series_0_0
MIG: 10:09:11 : Moving mb_subsystem_mig_7series_0_0 ...
MIG: 10:09:11 : Moving mb_subsystem_mig_7series_0_0.veo ...
MIG: 10:09:11 : Moving mb_subsystem_mig_7series_0_0_xmdf.tcl ...
MIG: 10:09:12 : Running vlog_sim_rpr.xit .. PRASAD DBG1
MIG: 10:09:12 : IGN:     <ModuleName>mb_subsystem_mig_7series_0_0</ModuleName> <==>     <ModuleName>mb_subsystem_mig_7series_0_0</ModuleName> 
MIG: 10:09:12 : IGN:         <InputClkFreq>200.2</InputClkFreq> <==>         <InputClkFreq>200.2</InputClkFreq> 
MIG: 10:09:12 : Running implementation.xit
MIG: 10:09:12 : IGN:     <ModuleName>mb_subsystem_mig_7series_0_0</ModuleName> <==>     <ModuleName>mb_subsystem_mig_7series_0_0</ModuleName> 
MIG: 10:09:12 : IGN:         <InputClkFreq>200.2</InputClkFreq> <==>         <InputClkFreq>200.2</InputClkFreq> 
