Copyright 1986-2017 Xilinx, Inc. All Rights Reserved.
------------------------------------------------------------------------------------
| Tool Version : Vivado v.2017.4 (win64) Build 2086221 Fri Dec 15 20:55:39 MST 2017
| Date         : Sat Jun 23 09:51:57 2018
| Host         : PCMICVFAT3 running 64-bit Service Pack 1  (build 7601)
| Command      : upgrade_ip
| Device       : xc7k325tffg900-2
------------------------------------------------------------------------------------

Upgrade Log for IP 'mb_subsystem_TX_CONTROLLER_0_0'

1. Summary
----------

CAUTION (success, with warnings) in the upgrade of mb_subsystem_TX_CONTROLLER_0_0 (cern.ch:user:TX_CONTROLLER:1.0) from (Rev. 21) to (Rev. 22)

After upgrade, an IP may have parameter and port differences compared to the original customization. Please review the parameters within the IP customization GUI to ensure proper functionality. Also, please review the updated IP instantiation template to ensure proper connectivity, and update your design if required.

2. Connection Warnings
----------------------

Detected external port differences while upgrading 'mb_subsystem_TX_CONTROLLER_0_0'. These changes may impact your design.


-Upgrade has removed port 'BIST_CYCLES_to_processor'

-Upgrade has removed port 'BIST_end_to_processor'

-Upgrade has removed port 'clk_40MHz'

-Upgrade has removed port 'done'


